<?xml version="1.0" encoding="UTF-8"?>
<testsuite xmlns:xsi="http://www.w3.org/2001/XMLSchema-instance" xsi:noNamespaceSchemaLocation="https://maven.apache.org/surefire/maven-surefire-plugin/xsd/surefire-test-report.xsd" version="3.0.2" name="com.bookstore.controller.AuthControllerTest" time="28.419" tests="4" errors="0" skipped="0" failures="0">
  <properties>
[...]
</properties>
  <testcase name="testLogin_Success" classname="com.bookstore.controller.AuthControllerTest" time="0.598">
    <system-out><![CDATA[14:33:25.678 [main] INFO org.springframework.test.context.support.AnnotationConfigContextLoaderUtils -- Could not detect default configuration classes for test class [com.bookstore.controller.AuthControllerTest]: AuthControllerTest does not declare any static, non-private, non-final, nested classes annotated with @Configuration.
14:33:26.189 [main] INFO org.springframework.boot.test.context.SpringBootTestContextBootstrapper -- Found @SpringBootConfiguration com.bookstore.BookstoreApplication for test class com.bookstore.controller.AuthControllerTest

  .   ____          _            __ _ _
 /\\ / ___'_ __ _ _(_)_ __  __ _ \ \ \ \
( ( )\___ | '_ | '_| | '_ \/ _` | \ \ \ \
 \\/  ___)| |_)| | | | | || (_| |  ) ) ) )
  '  |____| .__|_| |_|_| |_\__, | / / / /
 =========|_|==============|___/=/_/_/_/

 :: Spring Boot ::                (v3.4.3)

2026-07-29T14:33:27.738+05:30  INFO 25580 --- [bookstore-backend] [           main] c.b.controller.AuthControllerTest        : Starting AuthControllerTest using Java 26.0.1 with PID 25580 (started by Siva in C:\Users\Siva\.gemini\antigravity\scratch\bookstore\backend)
2026-07-29T14:33:27.740+05:30  INFO 25580 --- [bookstore-backend] [           main] c.b.controller.AuthControllerTest        : The following 1 profile is active: "h2"
2026-07-29T14:33:30.781+05:30  INFO 25580 --- [bookstore-backend] [           main] .s.d.r.c.RepositoryConfigurationDelegate : Multiple Spring Data modules found, entering strict repository configuration mode
2026-07-29T14:33:30.783+05:30  INFO 25580 --- [bookstore-backend] [           main] .s.d.r.c.RepositoryConfigurationDelegate : Bootstrapping Spring Data JPA repositories in DEFAULT mode.
2026-07-29T14:33:31.112+05:30  INFO 25580 --- [bookstore-backend] [           main] .s.d.r.c.RepositoryConfigurationDelegate : Finished Spring Data repository scanning in 307 ms. Found 3 JPA repository interfaces.
2026-07-29T14:33:31.138+05:30  INFO 25580 --- [bookstore-backend] [           main] .s.d.r.c.RepositoryConfigurationDelegate : Multiple Spring Data modules found, entering strict repository configuration mode
2026-07-29T14:33:31.140+05:30  INFO 25580 --- [bookstore-backend] [           main] .s.d.r.c.RepositoryConfigurationDelegate : Bootstrapping Spring Data Redis repositories in DEFAULT mode.
2026-07-29T14:33:31.178+05:30  INFO 25580 --- [bookstore-backend] [           main] .RepositoryConfigurationExtensionSupport : Spring Data Redis - Could not safely identify store assignment for repository candidate interface com.bookstore.repository.BookRepository; If you want this repository to be a Redis repository, consider annotating your entities with one of these annotations: org.springframework.data.redis.core.RedisHash (preferred), or consider extending one of the following types with your repository: org.springframework.data.keyvalue.repository.KeyValueRepository
2026-07-29T14:33:31.178+05:30  INFO 25580 --- [bookstore-backend] [           main] .RepositoryConfigurationExtensionSupport : Spring Data Redis - Could not safely identify store assignment for repository candidate interface com.bookstore.repository.RoleRepository; If you want this repository to be a Redis repository, consider annotating your entities with one of these annotations: org.springframework.data.redis.core.RedisHash (preferred), or consider extending one of the following types with your repository: org.springframework.data.keyvalue.repository.KeyValueRepository
2026-07-29T14:33:31.178+05:30  INFO 25580 --- [bookstore-backend] [           main] .RepositoryConfigurationExtensionSupport : Spring Data Redis - Could not safely identify store assignment for repository candidate interface com.bookstore.repository.UserRepository; If you want this repository to be a Redis repository, consider annotating your entities with one of these annotations: org.springframework.data.redis.core.RedisHash (preferred), or consider extending one of the following types with your repository: org.springframework.data.keyvalue.repository.KeyValueRepository
2026-07-29T14:33:31.179+05:30  INFO 25580 --- [bookstore-backend] [           main] .s.d.r.c.RepositoryConfigurationDelegate : Finished Spring Data repository scanning in 18 ms. Found 0 Redis repository interfaces.
2026-07-29T14:33:35.979+05:30  INFO 25580 --- [bookstore-backend] [           main] com.zaxxer.hikari.HikariDataSource       : HikariPool-1 - Starting...
2026-07-29T14:33:36.577+05:30  INFO 25580 --- [bookstore-backend] [           main] com.zaxxer.hikari.pool.HikariPool        : HikariPool-1 - Added connection conn0: url=jdbc:h2:mem:bookstoredb user=SA
2026-07-29T14:33:36.582+05:30  INFO 25580 --- [bookstore-backend] [           main] com.zaxxer.hikari.HikariDataSource       : HikariPool-1 - Start completed.
2026-07-29T14:33:36.740+05:30  INFO 25580 --- [bookstore-backend] [           main] liquibase.database                       : Set default schema name to PUBLIC
2026-07-29T14:33:38.080+05:30  INFO 25580 --- [bookstore-backend] [           main] liquibase.changelog                      : Creating database history table with name: PUBLIC.DATABASECHANGELOG
2026-07-29T14:33:38.301+05:30  INFO 25580 --- [bookstore-backend] [           main] liquibase.changelog                      : Reading from PUBLIC.DATABASECHANGELOG
2026-07-29T14:33:38.611+05:30  INFO 25580 --- [bookstore-backend] [           main] liquibase.lockservice                    : Successfully acquired change log lock
2026-07-29T14:33:38.613+05:30  INFO 25580 --- [bookstore-backend] [           main] liquibase.command                        : Using deploymentId: 5315818612
2026-07-29T14:33:38.617+05:30  INFO 25580 --- [bookstore-backend] [           main] liquibase.changelog                      : Reading from PUBLIC.DATABASECHANGELOG
2026-07-29T14:33:38.799+05:30  INFO 25580 --- [bookstore-backend] [           main] liquibase.ui                             : Running Changeset: db/changelog/changes/01-create-users-roles-schema.xml::01-create-roles-table::bookstore
2026-07-29T14:33:38.817+05:30  INFO 25580 --- [bookstore-backend] [           main] liquibase.changelog                      : Table roles created
2026-07-29T14:33:38.819+05:30  INFO 25580 --- [bookstore-backend] [           main] liquibase.changelog                      : ChangeSet db/changelog/changes/01-create-users-roles-schema.xml::01-create-roles-table::bookstore ran successfully in 18ms
2026-07-29T14:33:38.830+05:30  INFO 25580 --- [bookstore-backend] [           main] liquibase.ui                             : Running Changeset: db/changelog/changes/01-create-users-roles-schema.xml::01-create-users-table::bookstore
2026-07-29T14:33:38.838+05:30  INFO 25580 --- [bookstore-backend] [           main] liquibase.changelog                      : Table users created
2026-07-29T14:33:38.840+05:30  INFO 25580 --- [bookstore-backend] [           main] liquibase.changelog                      : ChangeSet db/changelog/changes/01-create-users-roles-schema.xml::01-create-users-table::bookstore ran successfully in 10ms
2026-07-29T14:33:38.851+05:30  INFO 25580 --- [bookstore-backend] [           main] liquibase.ui                             : Running Changeset: db/changelog/changes/01-create-users-roles-schema.xml::01-create-user-roles-table::bookstore
2026-07-29T14:33:38.877+05:30  INFO 25580 --- [bookstore-backend] [           main] liquibase.changelog                      : Table user_roles created
2026-07-29T14:33:38.884+05:30  INFO 25580 --- [bookstore-backend] [           main] liquibase.changelog                      : Primary key added to user_roles (user_id, role_id)
2026-07-29T14:33:38.885+05:30  INFO 25580 --- [bookstore-backend] [           main] liquibase.changelog                      : ChangeSet db/changelog/changes/01-create-users-roles-schema.xml::01-create-user-roles-table::bookstore ran successfully in 34ms
2026-07-29T14:33:38.894+05:30  INFO 25580 --- [bookstore-backend] [           main] liquibase.ui                             : Running Changeset: db/changelog/changes/02-create-books-schema.xml::02-create-books-table::bookstore
2026-07-29T14:33:38.904+05:30  INFO 25580 --- [bookstore-backend] [           main] liquibase.changelog                      : Table books created
2026-07-29T14:33:38.906+05:30  INFO 25580 --- [bookstore-backend] [           main] liquibase.changelog                      : ChangeSet db/changelog/changes/02-create-books-schema.xml::02-create-books-table::bookstore ran successfully in 10ms
2026-07-29T14:33:38.911+05:30  INFO 25580 --- [bookstore-backend] [           main] liquibase.ui                             : Running Changeset: db/changelog/changes/03-insert-initial-users-roles.xml::03-insert-roles-v4::bookstore
2026-07-29T14:33:38.917+05:30  INFO 25580 --- [bookstore-backend] [           main] liquibase.changelog                      : New row inserted into roles
2026-07-29T14:33:38.919+05:30  INFO 25580 --- [bookstore-backend] [           main] liquibase.changelog                      : New row inserted into roles
2026-07-29T14:33:38.922+05:30  INFO 25580 --- [bookstore-backend] [           main] liquibase.changelog                      : New row inserted into roles
2026-07-29T14:33:38.923+05:30  INFO 25580 --- [bookstore-backend] [           main] liquibase.changelog                      : ChangeSet db/changelog/changes/03-insert-initial-users-roles.xml::03-insert-roles-v4::bookstore ran successfully in 12ms
2026-07-29T14:33:38.929+05:30  INFO 25580 --- [bookstore-backend] [           main] liquibase.ui                             : Running Changeset: db/changelog/changes/03-insert-initial-users-roles.xml::03-insert-users-v4::bookstore
2026-07-29T14:33:38.936+05:30  INFO 25580 --- [bookstore-backend] [           main] liquibase.changelog                      : New row inserted into users
2026-07-29T14:33:38.942+05:30  INFO 25580 --- [bookstore-backend] [           main] liquibase.changelog                      : New row inserted into users
2026-07-29T14:33:38.946+05:30  INFO 25580 --- [bookstore-backend] [           main] liquibase.changelog                      : New row inserted into users
2026-07-29T14:33:38.947+05:30  INFO 25580 --- [bookstore-backend] [           main] liquibase.changelog                      : ChangeSet db/changelog/changes/03-insert-initial-users-roles.xml::03-insert-users-v4::bookstore ran successfully in 17ms
2026-07-29T14:33:38.951+05:30  INFO 25580 --- [bookstore-backend] [           main] liquibase.ui                             : Running Changeset: db/changelog/changes/03-insert-initial-users-roles.xml::03-insert-user-roles-v4::bookstore
2026-07-29T14:33:38.997+05:30  INFO 25580 --- [bookstore-backend] [           main] liquibase.changelog                      : Custom SQL executed
2026-07-29T14:33:38.998+05:30  INFO 25580 --- [bookstore-backend] [           main] liquibase.changelog                      : ChangeSet db/changelog/changes/03-insert-initial-users-roles.xml::03-insert-user-roles-v4::bookstore ran successfully in 46ms
2026-07-29T14:33:39.002+05:30  INFO 25580 --- [bookstore-backend] [           main] liquibase.ui                             : Running Changeset: db/changelog/changes/03-insert-initial-users-roles.xml::03-sync-identity-sequences-v4::bookstore
2026-07-29T14:33:39.012+05:30  INFO 25580 --- [bookstore-backend] [           main] liquibase.changelog                      : Custom SQL executed
2026-07-29T14:33:39.012+05:30  INFO 25580 --- [bookstore-backend] [           main] liquibase.changelog                      : ChangeSet db/changelog/changes/03-insert-initial-users-roles.xml::03-sync-identity-sequences-v4::bookstore ran successfully in 9ms
2026-07-29T14:33:39.111+05:30  INFO 25580 --- [bookstore-backend] [           main] liquibase.ui                             : Running Changeset: db/changelog/changes/04-insert-100-sample-books.xml::04-insert-100-sample-books::bookstore
2026-07-29T14:33:39.115+05:30  INFO 25580 --- [bookstore-backend] [           main] liquibase.changelog                      : New row inserted into books
2026-07-29T14:33:39.119+05:30  INFO 25580 --- [bookstore-backend] [           main] liquibase.changelog                      : New row inserted into books
2026-07-29T14:33:39.122+05:30  INFO 25580 --- [bookstore-backend] [           main] liquibase.changelog                      : New row inserted into books
2026-07-29T14:33:39.125+05:30  INFO 25580 --- [bookstore-backend] [           main] liquibase.changelog                      : New row inserted into books
2026-07-29T14:33:39.128+05:30  INFO 25580 --- [bookstore-backend] [           main] liquibase.changelog                      : New row inserted into books
2026-07-29T14:33:39.130+05:30  INFO 25580 --- [bookstore-backend] [           main] liquibase.changelog                      : New row inserted into books
2026-07-29T14:33:39.136+05:30  INFO 25580 --- [bookstore-backend] [           main] liquibase.changelog                      : New row inserted into books
2026-07-29T14:33:39.138+05:30  INFO 25580 --- [bookstore-backend] [           main] liquibase.changelog                      : New row inserted into books
2026-07-29T14:33:39.142+05:30  INFO 25580 --- [bookstore-backend] [           main] liquibase.changelog                      : New row inserted into books
2026-07-29T14:33:39.144+05:30  INFO 25580 --- [bookstore-backend] [           main] liquibase.changelog                      : New row inserted into books
2026-07-29T14:33:39.146+05:30  INFO 25580 --- [bookstore-backend] [           main] liquibase.changelog                      : New row inserted into books
2026-07-29T14:33:39.149+05:30  INFO 25580 --- [bookstore-backend] [           main] liquibase.changelog                      : New row inserted into books
2026-07-29T14:33:39.154+05:30  INFO 25580 --- [bookstore-backend] [           main] liquibase.changelog                      : New row inserted into books
2026-07-29T14:33:39.157+05:30  INFO 25580 --- [bookstore-backend] [           main] liquibase.changelog                      : New row inserted into books
2026-07-29T14:33:39.159+05:30  INFO 25580 --- [bookstore-backend] [           main] liquibase.changelog                      : New row inserted into books
2026-07-29T14:33:39.161+05:30  INFO 25580 --- [bookstore-backend] [           main] liquibase.changelog                      : New row inserted into books
2026-07-29T14:33:39.166+05:30  INFO 25580 --- [bookstore-backend] [           main] liquibase.changelog                      : New row inserted into books
2026-07-29T14:33:39.170+05:30  INFO 25580 --- [bookstore-backend] [           main] liquibase.changelog                      : New row inserted into books
2026-07-29T14:33:39.174+05:30  INFO 25580 --- [bookstore-backend] [           main] liquibase.changelog                      : New row inserted into books
2026-07-29T14:33:39.185+05:30  INFO 25580 --- [bookstore-backend] [           main] liquibase.changelog                      : New row inserted into books
2026-07-29T14:33:39.190+05:30  INFO 25580 --- [bookstore-backend] [           main] liquibase.changelog                      : New row inserted into books
2026-07-29T14:33:39.202+05:30  INFO 25580 --- [bookstore-backend] [           main] liquibase.changelog                      : New row inserted into books
2026-07-29T14:33:39.207+05:30  INFO 25580 --- [bookstore-backend] [           main] liquibase.changelog                      : New row inserted into books
2026-07-29T14:33:39.218+05:30  INFO 25580 --- [bookstore-backend] [           main] liquibase.changelog                      : New row inserted into books
2026-07-29T14:33:39.221+05:30  INFO 25580 --- [bookstore-backend] [           main] liquibase.changelog                      : New row inserted into books
2026-07-29T14:33:39.223+05:30  INFO 25580 --- [bookstore-backend] [           main] liquibase.changelog                      : New row inserted into books
2026-07-29T14:33:39.227+05:30  INFO 25580 --- [bookstore-backend] [           main] liquibase.changelog                      : New row inserted into books
2026-07-29T14:33:39.228+05:30  INFO 25580 --- [bookstore-backend] [           main] liquibase.changelog                      : New row inserted into books
2026-07-29T14:33:39.230+05:30  INFO 25580 --- [bookstore-backend] [           main] liquibase.changelog                      : New row inserted into books
2026-07-29T14:33:39.233+05:30  INFO 25580 --- [bookstore-backend] [           main] liquibase.changelog                      : New row inserted into books
2026-07-29T14:33:39.235+05:30  INFO 25580 --- [bookstore-backend] [           main] liquibase.changelog                      : New row inserted into books
2026-07-29T14:33:39.237+05:30  INFO 25580 --- [bookstore-backend] [           main] liquibase.changelog                      : New row inserted into books
2026-07-29T14:33:39.239+05:30  INFO 25580 --- [bookstore-backend] [           main] liquibase.changelog                      : New row inserted into books
2026-07-29T14:33:39.243+05:30  INFO 25580 --- [bookstore-backend] [           main] liquibase.changelog                      : New row inserted into books
2026-07-29T14:33:39.245+05:30  INFO 25580 --- [bookstore-backend] [           main] liquibase.changelog                      : New row inserted into books
2026-07-29T14:33:39.247+05:30  INFO 25580 --- [bookstore-backend] [           main] liquibase.changelog                      : New row inserted into books
2026-07-29T14:33:39.252+05:30  INFO 25580 --- [bookstore-backend] [           main] liquibase.changelog                      : New row inserted into books
2026-07-29T14:33:39.253+05:30  INFO 25580 --- [bookstore-backend] [           main] liquibase.changelog                      : New row inserted into books
2026-07-29T14:33:39.255+05:30  INFO 25580 --- [bookstore-backend] [           main] liquibase.changelog                      : New row inserted into books
2026-07-29T14:33:39.257+05:30  INFO 25580 --- [bookstore-backend] [           main] liquibase.changelog                      : New row inserted into books
2026-07-29T14:33:39.260+05:30  INFO 25580 --- [bookstore-backend] [           main] liquibase.changelog                      : New row inserted into books
2026-07-29T14:33:39.263+05:30  INFO 25580 --- [bookstore-backend] [           main] liquibase.changelog                      : New row inserted into books
2026-07-29T14:33:39.267+05:30  INFO 25580 --- [bookstore-backend] [           main] liquibase.changelog                      : New row inserted into books
2026-07-29T14:33:39.271+05:30  INFO 25580 --- [bookstore-backend] [           main] liquibase.changelog                      : New row inserted into books
2026-07-29T14:33:39.274+05:30  INFO 25580 --- [bookstore-backend] [           main] liquibase.changelog                      : New row inserted into books
2026-07-29T14:33:39.276+05:30  INFO 25580 --- [bookstore-backend] [           main] liquibase.changelog                      : New row inserted into books
2026-07-29T14:33:39.279+05:30  INFO 25580 --- [bookstore-backend] [           main] liquibase.changelog                      : New row inserted into books
2026-07-29T14:33:39.282+05:30  INFO 25580 --- [bookstore-backend] [           main] liquibase.changelog                      : New row inserted into books
2026-07-29T14:33:39.289+05:30  INFO 25580 --- [bookstore-backend] [           main] liquibase.changelog                      : New row inserted into books
2026-07-29T14:33:39.291+05:30  INFO 25580 --- [bookstore-backend] [           main] liquibase.changelog                      : New row inserted into books
2026-07-29T14:33:39.292+05:30  INFO 25580 --- [bookstore-backend] [           main] liquibase.changelog                      : New row inserted into books
2026-07-29T14:33:39.293+05:30  INFO 25580 --- [bookstore-backend] [           main] liquibase.changelog                      : New row inserted into books
2026-07-29T14:33:39.296+05:30  INFO 25580 --- [bookstore-backend] [           main] liquibase.changelog                      : New row inserted into books
2026-07-29T14:33:39.300+05:30  INFO 25580 --- [bookstore-backend] [           main] liquibase.changelog                      : New row inserted into books
2026-07-29T14:33:39.302+05:30  INFO 25580 --- [bookstore-backend] [           main] liquibase.changelog                      : New row inserted into books
2026-07-29T14:33:39.307+05:30  INFO 25580 --- [bookstore-backend] [           main] liquibase.changelog                      : ChangeSet db/changelog/changes/04-insert-100-sample-books.xml::04-insert-100-sample-books::bookstore ran successfully in 195ms
2026-07-29T14:33:39.338+05:30  INFO 25580 --- [bookstore-backend] [           main] liquibase.util                           : UPDATE SUMMARY
2026-07-29T14:33:39.338+05:30  INFO 25580 --- [bookstore-backend] [           main] liquibase.util                           : Run:                          9
2026-07-29T14:33:39.339+05:30  INFO 25580 --- [bookstore-backend] [           main] liquibase.util                           : Previously run:               0
2026-07-29T14:33:39.339+05:30  INFO 25580 --- [bookstore-backend] [           main] liquibase.util                           : Filtered out:                 0
2026-07-29T14:33:39.339+05:30  INFO 25580 --- [bookstore-backend] [           main] liquibase.util                           : -------------------------------
2026-07-29T14:33:39.339+05:30  INFO 25580 --- [bookstore-backend] [           main] liquibase.util                           : Total change sets:            9
2026-07-29T14:33:39.342+05:30  INFO 25580 --- [bookstore-backend] [           main] liquibase.util                           : Update summary generated
2026-07-29T14:33:39.353+05:30  INFO 25580 --- [bookstore-backend] [           main] liquibase.command                        : Update command completed successfully.
2026-07-29T14:33:39.353+05:30  INFO 25580 --- [bookstore-backend] [           main] liquibase.ui                             : Liquibase: Update has been successful. Rows affected: 73
2026-07-29T14:33:39.357+05:30  INFO 25580 --- [bookstore-backend] [           main] liquibase.lockservice                    : Successfully released change log lock
2026-07-29T14:33:39.360+05:30  INFO 25580 --- [bookstore-backend] [           main] liquibase.command                        : Command execution complete
2026-07-29T14:33:39.760+05:30  INFO 25580 --- [bookstore-backend] [           main] o.hibernate.jpa.internal.util.LogHelper  : HHH000204: Processing PersistenceUnitInfo [name: default]
2026-07-29T14:33:40.063+05:30  INFO 25580 --- [bookstore-backend] [           main] org.hibernate.Version                    : HHH000412: Hibernate ORM core version 6.6.8.Final
2026-07-29T14:33:40.170+05:30  INFO 25580 --- [bookstore-backend] [           main] o.h.c.internal.RegionFactoryInitiator    : HHH000026: Second-level cache disabled
2026-07-29T14:33:40.683+05:30  INFO 25580 --- [bookstore-backend] [           main] o.s.o.j.p.SpringPersistenceUnitInfo      : No LoadTimeWeaver setup: ignoring JPA class transformer
2026-07-29T14:33:40.824+05:30  WARN 25580 --- [bookstore-backend] [           main] org.hibernate.orm.deprecation            : HHH90000025: H2Dialect does not need to be specified explicitly using 'hibernate.dialect' (remove the property setting and it will be selected by default)
2026-07-29T14:33:40.867+05:30  INFO 25580 --- [bookstore-backend] [           main] org.hibernate.orm.connections.pooling    : HHH10001005: Database info:
	Database JDBC URL [Connecting through datasource 'HikariDataSource (HikariPool-1)']
	Database driver: undefined/unknown
	Database version: 2.3.232
	Autocommit mode: undefined/unknown
	Isolation level: undefined/unknown
	Minimum pool size: undefined/unknown
	Maximum pool size: undefined/unknown
2026-07-29T14:33:42.790+05:30  INFO 25580 --- [bookstore-backend] [           main] o.h.e.t.j.p.i.JtaPlatformInitiator       : HHH000489: No JTA platform available (set 'hibernate.transaction.jta.platform' to enable JTA platform integration)
2026-07-29T14:33:42.841+05:30  INFO 25580 --- [bookstore-backend] [           main] j.LocalContainerEntityManagerFactoryBean : Initialized JPA EntityManagerFactory for persistence unit 'default'
2026-07-29T14:33:43.741+05:30  INFO 25580 --- [bookstore-backend] [           main] o.s.d.j.r.query.QueryEnhancerFactory     : Hibernate is in classpath; If applicable, HQL parser will be used.
2026-07-29T14:33:46.694+05:30  WARN 25580 --- [bookstore-backend] [           main] JpaBaseConfiguration$JpaWebConfiguration : spring.jpa.open-in-view is enabled by default. Therefore, database queries may be performed during view rendering. Explicitly configure spring.jpa.open-in-view to disable this warning
2026-07-29T14:33:46.835+05:30  INFO 25580 --- [bookstore-backend] [           main] r$InitializeUserDetailsManagerConfigurer : Global AuthenticationManager configured with UserDetailsService bean with name customUserDetailsService
2026-07-29T14:33:49.781+05:30  INFO 25580 --- [bookstore-backend] [           main] o.s.b.a.e.web.EndpointLinksResolver      : Exposing 4 endpoints beneath base path '/actuator'
2026-07-29T14:33:52.544+05:30  INFO 25580 --- [bookstore-backend] [           main] o.s.b.a.h2.H2ConsoleAutoConfiguration    : H2 console available at '/h2-console'. Database available at 'jdbc:h2:mem:bookstoredb'
2026-07-29T14:33:52.712+05:30  INFO 25580 --- [bookstore-backend] [           main] o.s.b.t.m.w.SpringBootMockServletContext : Initializing Spring TestDispatcherServlet ''
2026-07-29T14:33:52.712+05:30  INFO 25580 --- [bookstore-backend] [           main] o.s.t.web.servlet.TestDispatcherServlet  : Initializing Servlet ''
2026-07-29T14:33:52.715+05:30  INFO 25580 --- [bookstore-backend] [           main] o.s.t.web.servlet.TestDispatcherServlet  : Completed initialization in 3 ms
2026-07-29T14:33:52.872+05:30  INFO 25580 --- [bookstore-backend] [           main] c.b.controller.AuthControllerTest        : Started AuthControllerTest in 26.142 seconds (process running for 31.496)
]]></system-out>
    <system-err><![CDATA[Mockito is currently self-attaching to enable the inline-mock-maker. This will no longer work in future releases of the JDK. Please add Mockito as an agent to your build what is described in Mockito's documentation: https://javadoc.io/doc/org.mockito/mockito-core/latest/org/mockito/Mockito.html#0.3
WARNING: A Java agent has been loaded dynamically (C:\Users\Siva\.m2\repository\net\bytebuddy\byte-buddy-agent\1.15.11\byte-buddy-agent-1.15.11.jar)
WARNING: If a serviceability tool is in use, please run with -XX:+EnableDynamicAgentLoading to hide this warning
WARNING: If a serviceability tool is not in use, please run with -Djdk.instrument.traceUsage for more information
WARNING: Dynamic loading of agents will be disallowed by default in a future release
]]></system-err>
  </testcase>
  <testcase name="testRegister_DuplicateUsername" classname="com.bookstore.controller.AuthControllerTest" time="0.128"/>
  <testcase name="testLogin_BadCredentials" classname="com.bookstore.controller.AuthControllerTest" time="0.026"/>
  <testcase name="testRegister_Success" classname="com.bookstore.controller.AuthControllerTest" time="0.029"/>
</testsuite>