<?xml version="1.0" encoding="UTF-8"?>
<testsuite xmlns:xsi="http://www.w3.org/2001/XMLSchema-instance" xsi:noNamespaceSchemaLocation="https://maven.apache.org/surefire/maven-surefire-plugin/xsd/surefire-test-report.xsd" version="3.0.2" name="com.bookstore.repository.UserRepositoryTest" time="0.17" tests="1" errors="0" skipped="0" failures="0">
  <properties>
[...]
</properties>
  <testcase name="testSaveAndFindByUsername" classname="com.bookstore.repository.UserRepositoryTest" time="0.144">
    <system-out><![CDATA[2026-07-29T14:07:09.696+05:30  INFO 27972 --- [bookstore-backend] [           main] t.c.s.AnnotationConfigContextLoaderUtils : Could not detect default configuration classes for test class [com.bookstore.repository.UserRepositoryTest]: UserRepositoryTest does not declare any static, non-private, non-final, nested classes annotated with @Configuration.
2026-07-29T14:07:09.714+05:30  INFO 27972 --- [bookstore-backend] [           main] .b.t.c.SpringBootTestContextBootstrapper : Found @SpringBootConfiguration com.bookstore.BookstoreApplication for test class com.bookstore.repository.UserRepositoryTest
Hibernate: select r1_0.id,r1_0.name from roles r1_0 where r1_0.name=?
Hibernate: insert into users (email,full_name,password,username,id) values (?,?,?,?,default)
Hibernate: select u1_0.id,u1_0.email,u1_0.full_name,u1_0.password,u1_0.username from users u1_0 where u1_0.username=?
Hibernate: select u1_0.id from users u1_0 where u1_0.username=? fetch first ? rows only
Hibernate: select u1_0.id from users u1_0 where u1_0.email=? fetch first ? rows only
]]></system-out>
  </testcase>
</testsuite>