<?xml version="1.0" encoding="UTF-8"?>
<testsuite xmlns:xsi="http://www.w3.org/2001/XMLSchema-instance" xsi:noNamespaceSchemaLocation="https://maven.apache.org/surefire/maven-surefire-plugin/xsd/surefire-test-report.xsd" version="3.0.2" name="com.bookstore.controller.BookControllerTest" time="37.67" tests="4" errors="0" skipped="0" failures="0">
  <properties>
[...]
</properties>
  <testcase name="testCreateBook_LibrarianRole_Allowed" classname="com.bookstore.controller.BookControllerTest" time="0.533">
    <system-out><![CDATA[14:02:39.463 [main] INFO org.springframework.test.context.support.AnnotationConfigContextLoaderUtils -- Could not detect default configuration classes for test class [com.bookstore.controller.BookControllerTest]: BookControllerTest does not declare any static, non-private, non-final, nested classes annotated with @Configuration.
14:02:39.997 [main] INFO org.springframework.boot.test.context.SpringBootTestContextBootstrapper -- Found @SpringBootConfiguration com.bookstore.BookstoreApplication for test class com.bookstore.controller.BookControllerTest

  .   ____          _            __ _ _
 /\\ / ___'_ __ _ _(_)_ __  __ _ \ \ \ \
( ( )\___ | '_ | '_| | '_ \/ _` | \ \ \ \
 \\/  ___)| |_)| | | | | || (_| |  ) ) ) )
  '  |____| .__|_| |_|_| |_\__, | / / / /
 =========|_|==============|___/=/_/_/_/

 :: Spring Boot ::                (v3.4.3)

2026-07-29T14:02:41.316+05:30  INFO 27908 --- [bookstore-backend] [           main] c.b.controller.BookControllerTest        : Starting BookControllerTest using Java 25.0.3 with PID 27908 (started by Siva in C:\Users\Siva\.gemini\antigravity\scratch\bookstore\backend)
2026-07-29T14:02:41.318+05:30  INFO 27908 --- [bookstore-backend] [           main] c.b.controller.BookControllerTest        : The following 1 profile is active: "h2"
2026-07-29T14:02:45.721+05:30  INFO 27908 --- [bookstore-backend] [           main] .s.d.r.c.RepositoryConfigurationDelegate : Multiple Spring Data modules found, entering strict repository configuration mode
2026-07-29T14:02:45.724+05:30  INFO 27908 --- [bookstore-backend] [           main] .s.d.r.c.RepositoryConfigurationDelegate : Bootstrapping Spring Data JPA repositories in DEFAULT mode.
2026-07-29T14:02:46.195+05:30  INFO 27908 --- [bookstore-backend] [           main] .s.d.r.c.RepositoryConfigurationDelegate : Finished Spring Data repository scanning in 449 ms. Found 3 JPA repository interfaces.
2026-07-29T14:02:46.241+05:30  INFO 27908 --- [bookstore-backend] [           main] .s.d.r.c.RepositoryConfigurationDelegate : Multiple Spring Data modules found, entering strict repository configuration mode
2026-07-29T14:02:46.247+05:30  INFO 27908 --- [bookstore-backend] [           main] .s.d.r.c.RepositoryConfigurationDelegate : Bootstrapping Spring Data Redis repositories in DEFAULT mode.
2026-07-29T14:02:46.308+05:30  INFO 27908 --- [bookstore-backend] [           main] .RepositoryConfigurationExtensionSupport : Spring Data Redis - Could not safely identify store assignment for repository candidate interface com.bookstore.repository.BookRepository; If you want this repository to be a Redis repository, consider annotating your entities with one of these annotations: org.springframework.data.redis.core.RedisHash (preferred), or consider extending one of the following types with your repository: org.springframework.data.keyvalue.repository.KeyValueRepository
2026-07-29T14:02:46.309+05:30  INFO 27908 --- [bookstore-backend] [           main] .RepositoryConfigurationExtensionSupport : Spring Data Redis - Could not safely identify store assignment for repository candidate interface com.bookstore.repository.RoleRepository; If you want this repository to be a Redis repository, consider annotating your entities with one of these annotations: org.springframework.data.redis.core.RedisHash (preferred), or consider extending one of the following types with your repository: org.springframework.data.keyvalue.repository.KeyValueRepository
2026-07-29T14:02:46.310+05:30  INFO 27908 --- [bookstore-backend] [           main] .RepositoryConfigurationExtensionSupport : Spring Data Redis - Could not safely identify store assignment for repository candidate interface com.bookstore.repository.UserRepository; If you want this repository to be a Redis repository, consider annotating your entities with one of these annotations: org.springframework.data.redis.core.RedisHash (preferred), or consider extending one of the following types with your repository: org.springframework.data.keyvalue.repository.KeyValueRepository
2026-07-29T14:02:46.311+05:30  INFO 27908 --- [bookstore-backend] [           main] .s.d.r.c.RepositoryConfigurationDelegate : Finished Spring Data repository scanning in 35 ms. Found 0 Redis repository interfaces.
2026-07-29T14:02:51.079+05:30  INFO 27908 --- [bookstore-backend] [           main] com.zaxxer.hikari.HikariDataSource       : HikariPool-1 - Starting...
2026-07-29T14:02:53.220+05:30  INFO 27908 --- [bookstore-backend] [           main] com.zaxxer.hikari.pool.HikariPool        : HikariPool-1 - Added connection conn0: url=jdbc:h2:mem:bookstoredb user=SA
2026-07-29T14:02:53.336+05:30  INFO 27908 --- [bookstore-backend] [           main] com.zaxxer.hikari.HikariDataSource       : HikariPool-1 - Start completed.
2026-07-29T14:02:54.627+05:30  INFO 27908 --- [bookstore-backend] [           main] liquibase.database                       : Set default schema name to PUBLIC
2026-07-29T14:02:59.641+05:30  INFO 27908 --- [bookstore-backend] [           main] liquibase.changelog                      : Creating database history table with name: PUBLIC.DATABASECHANGELOG
2026-07-29T14:03:00.744+05:30  INFO 27908 --- [bookstore-backend] [           main] liquibase.changelog                      : Reading from PUBLIC.DATABASECHANGELOG
2026-07-29T14:03:01.354+05:30  INFO 27908 --- [bookstore-backend] [           main] liquibase.lockservice                    : Successfully acquired change log lock
2026-07-29T14:03:01.357+05:30  INFO 27908 --- [bookstore-backend] [           main] liquibase.command                        : Using deploymentId: 5313981356
2026-07-29T14:03:01.362+05:30  INFO 27908 --- [bookstore-backend] [           main] liquibase.changelog                      : Reading from PUBLIC.DATABASECHANGELOG
2026-07-29T14:03:01.743+05:30  INFO 27908 --- [bookstore-backend] [           main] liquibase.ui                             : Running Changeset: db/changelog/changes/01-create-users-roles-schema.xml::01-create-roles-table::bookstore
2026-07-29T14:03:01.774+05:30  INFO 27908 --- [bookstore-backend] [           main] liquibase.changelog                      : Table roles created
2026-07-29T14:03:01.777+05:30  INFO 27908 --- [bookstore-backend] [           main] liquibase.changelog                      : ChangeSet db/changelog/changes/01-create-users-roles-schema.xml::01-create-roles-table::bookstore ran successfully in 31ms
2026-07-29T14:03:01.801+05:30  INFO 27908 --- [bookstore-backend] [           main] liquibase.ui                             : Running Changeset: db/changelog/changes/01-create-users-roles-schema.xml::01-create-users-table::bookstore
2026-07-29T14:03:01.821+05:30  INFO 27908 --- [bookstore-backend] [           main] liquibase.changelog                      : Table users created
2026-07-29T14:03:01.822+05:30  INFO 27908 --- [bookstore-backend] [           main] liquibase.changelog                      : ChangeSet db/changelog/changes/01-create-users-roles-schema.xml::01-create-users-table::bookstore ran successfully in 19ms
2026-07-29T14:03:01.830+05:30  INFO 27908 --- [bookstore-backend] [           main] liquibase.ui                             : Running Changeset: db/changelog/changes/01-create-users-roles-schema.xml::01-create-user-roles-table::bookstore
2026-07-29T14:03:01.866+05:30  INFO 27908 --- [bookstore-backend] [           main] liquibase.changelog                      : Table user_roles created
2026-07-29T14:03:01.874+05:30  INFO 27908 --- [bookstore-backend] [           main] liquibase.changelog                      : Primary key added to user_roles (user_id, role_id)
2026-07-29T14:03:01.875+05:30  INFO 27908 --- [bookstore-backend] [           main] liquibase.changelog                      : ChangeSet db/changelog/changes/01-create-users-roles-schema.xml::01-create-user-roles-table::bookstore ran successfully in 45ms
2026-07-29T14:03:01.885+05:30  INFO 27908 --- [bookstore-backend] [           main] liquibase.ui                             : Running Changeset: db/changelog/changes/02-create-books-schema.xml::02-create-books-table::bookstore
2026-07-29T14:03:01.928+05:30  INFO 27908 --- [bookstore-backend] [           main] liquibase.changelog                      : Table books created
2026-07-29T14:03:01.928+05:30  INFO 27908 --- [bookstore-backend] [           main] liquibase.changelog                      : ChangeSet db/changelog/changes/02-create-books-schema.xml::02-create-books-table::bookstore ran successfully in 42ms
2026-07-29T14:03:01.955+05:30  INFO 27908 --- [bookstore-backend] [           main] liquibase.ui                             : Running Changeset: db/changelog/changes/03-insert-initial-users-roles.xml::03-insert-roles-v3::bookstore
2026-07-29T14:03:01.970+05:30  INFO 27908 --- [bookstore-backend] [           main] liquibase.changelog                      : New row inserted into roles
2026-07-29T14:03:01.975+05:30  INFO 27908 --- [bookstore-backend] [           main] liquibase.changelog                      : New row inserted into roles
2026-07-29T14:03:01.979+05:30  INFO 27908 --- [bookstore-backend] [           main] liquibase.changelog                      : New row inserted into roles
2026-07-29T14:03:01.982+05:30  INFO 27908 --- [bookstore-backend] [           main] liquibase.changelog                      : ChangeSet db/changelog/changes/03-insert-initial-users-roles.xml::03-insert-roles-v3::bookstore ran successfully in 25ms
2026-07-29T14:03:01.993+05:30  INFO 27908 --- [bookstore-backend] [           main] liquibase.ui                             : Running Changeset: db/changelog/changes/03-insert-initial-users-roles.xml::03-insert-users-v3::bookstore
2026-07-29T14:03:01.996+05:30  INFO 27908 --- [bookstore-backend] [           main] liquibase.changelog                      : New row inserted into users
2026-07-29T14:03:02.000+05:30  INFO 27908 --- [bookstore-backend] [           main] liquibase.changelog                      : New row inserted into users
2026-07-29T14:03:02.007+05:30  INFO 27908 --- [bookstore-backend] [           main] liquibase.changelog                      : New row inserted into users
2026-07-29T14:03:02.009+05:30  INFO 27908 --- [bookstore-backend] [           main] liquibase.changelog                      : ChangeSet db/changelog/changes/03-insert-initial-users-roles.xml::03-insert-users-v3::bookstore ran successfully in 15ms
2026-07-29T14:03:02.015+05:30  INFO 27908 --- [bookstore-backend] [           main] liquibase.ui                             : Running Changeset: db/changelog/changes/03-insert-initial-users-roles.xml::03-insert-user-roles-v3::bookstore
2026-07-29T14:03:02.075+05:30  INFO 27908 --- [bookstore-backend] [           main] liquibase.changelog                      : Custom SQL executed
2026-07-29T14:03:02.077+05:30  INFO 27908 --- [bookstore-backend] [           main] liquibase.changelog                      : ChangeSet db/changelog/changes/03-insert-initial-users-roles.xml::03-insert-user-roles-v3::bookstore ran successfully in 61ms
2026-07-29T14:03:02.081+05:30  INFO 27908 --- [bookstore-backend] [           main] liquibase.ui                             : Running Changeset: db/changelog/changes/03-insert-initial-users-roles.xml::03-sync-identity-sequences::bookstore
2026-07-29T14:03:02.094+05:30  INFO 27908 --- [bookstore-backend] [           main] liquibase.changelog                      : Custom SQL executed
2026-07-29T14:03:02.095+05:30  INFO 27908 --- [bookstore-backend] [           main] liquibase.changelog                      : ChangeSet db/changelog/changes/03-insert-initial-users-roles.xml::03-sync-identity-sequences::bookstore ran successfully in 14ms
2026-07-29T14:03:02.261+05:30  INFO 27908 --- [bookstore-backend] [           main] liquibase.ui                             : Running Changeset: db/changelog/changes/04-insert-100-sample-books.xml::04-insert-100-sample-books::bookstore
2026-07-29T14:03:02.291+05:30  INFO 27908 --- [bookstore-backend] [           main] liquibase.changelog                      : New row inserted into books
2026-07-29T14:03:02.295+05:30  INFO 27908 --- [bookstore-backend] [           main] liquibase.changelog                      : New row inserted into books
2026-07-29T14:03:02.317+05:30  INFO 27908 --- [bookstore-backend] [           main] liquibase.changelog                      : New row inserted into books
2026-07-29T14:03:02.321+05:30  INFO 27908 --- [bookstore-backend] [           main] liquibase.changelog                      : New row inserted into books
2026-07-29T14:03:02.337+05:30  INFO 27908 --- [bookstore-backend] [           main] liquibase.changelog                      : New row inserted into books
2026-07-29T14:03:02.340+05:30  INFO 27908 --- [bookstore-backend] [           main] liquibase.changelog                      : New row inserted into books
2026-07-29T14:03:02.345+05:30  INFO 27908 --- [bookstore-backend] [           main] liquibase.changelog                      : New row inserted into books
2026-07-29T14:03:02.358+05:30  INFO 27908 --- [bookstore-backend] [           main] liquibase.changelog                      : New row inserted into books
2026-07-29T14:03:02.365+05:30  INFO 27908 --- [bookstore-backend] [           main] liquibase.changelog                      : New row inserted into books
2026-07-29T14:03:02.372+05:30  INFO 27908 --- [bookstore-backend] [           main] liquibase.changelog                      : New row inserted into books
2026-07-29T14:03:02.386+05:30  INFO 27908 --- [bookstore-backend] [           main] liquibase.changelog                      : New row inserted into books
2026-07-29T14:03:02.396+05:30  INFO 27908 --- [bookstore-backend] [           main] liquibase.changelog                      : New row inserted into books
2026-07-29T14:03:02.402+05:30  INFO 27908 --- [bookstore-backend] [           main] liquibase.changelog                      : New row inserted into books
2026-07-29T14:03:02.406+05:30  INFO 27908 --- [bookstore-backend] [           main] liquibase.changelog                      : New row inserted into books
2026-07-29T14:03:02.412+05:30  INFO 27908 --- [bookstore-backend] [           main] liquibase.changelog                      : New row inserted into books
2026-07-29T14:03:02.421+05:30  INFO 27908 --- [bookstore-backend] [           main] liquibase.changelog                      : New row inserted into books
2026-07-29T14:03:02.427+05:30  INFO 27908 --- [bookstore-backend] [           main] liquibase.changelog                      : New row inserted into books
2026-07-29T14:03:02.438+05:30  INFO 27908 --- [bookstore-backend] [           main] liquibase.changelog                      : New row inserted into books
2026-07-29T14:03:02.444+05:30  INFO 27908 --- [bookstore-backend] [           main] liquibase.changelog                      : New row inserted into books
2026-07-29T14:03:02.452+05:30  INFO 27908 --- [bookstore-backend] [           main] liquibase.changelog                      : New row inserted into books
2026-07-29T14:03:02.459+05:30  INFO 27908 --- [bookstore-backend] [           main] liquibase.changelog                      : New row inserted into books
2026-07-29T14:03:02.467+05:30  INFO 27908 --- [bookstore-backend] [           main] liquibase.changelog                      : New row inserted into books
2026-07-29T14:03:02.475+05:30  INFO 27908 --- [bookstore-backend] [           main] liquibase.changelog                      : New row inserted into books
2026-07-29T14:03:02.479+05:30  INFO 27908 --- [bookstore-backend] [           main] liquibase.changelog                      : New row inserted into books
2026-07-29T14:03:02.482+05:30  INFO 27908 --- [bookstore-backend] [           main] liquibase.changelog                      : New row inserted into books
2026-07-29T14:03:02.486+05:30  INFO 27908 --- [bookstore-backend] [           main] liquibase.changelog                      : New row inserted into books
2026-07-29T14:03:02.493+05:30  INFO 27908 --- [bookstore-backend] [           main] liquibase.changelog                      : New row inserted into books
2026-07-29T14:03:02.498+05:30  INFO 27908 --- [bookstore-backend] [           main] liquibase.changelog                      : New row inserted into books
2026-07-29T14:03:02.507+05:30  INFO 27908 --- [bookstore-backend] [           main] liquibase.changelog                      : New row inserted into books
2026-07-29T14:03:02.511+05:30  INFO 27908 --- [bookstore-backend] [           main] liquibase.changelog                      : New row inserted into books
2026-07-29T14:03:02.514+05:30  INFO 27908 --- [bookstore-backend] [           main] liquibase.changelog                      : New row inserted into books
2026-07-29T14:03:02.516+05:30  INFO 27908 --- [bookstore-backend] [           main] liquibase.changelog                      : New row inserted into books
2026-07-29T14:03:02.536+05:30  INFO 27908 --- [bookstore-backend] [           main] liquibase.changelog                      : New row inserted into books
2026-07-29T14:03:02.540+05:30  INFO 27908 --- [bookstore-backend] [           main] liquibase.changelog                      : New row inserted into books
2026-07-29T14:03:02.542+05:30  INFO 27908 --- [bookstore-backend] [           main] liquibase.changelog                      : New row inserted into books
2026-07-29T14:03:02.545+05:30  INFO 27908 --- [bookstore-backend] [           main] liquibase.changelog                      : New row inserted into books
2026-07-29T14:03:02.551+05:30  INFO 27908 --- [bookstore-backend] [           main] liquibase.changelog                      : New row inserted into books
2026-07-29T14:03:02.556+05:30  INFO 27908 --- [bookstore-backend] [           main] liquibase.changelog                      : New row inserted into books
2026-07-29T14:03:02.558+05:30  INFO 27908 --- [bookstore-backend] [           main] liquibase.changelog                      : New row inserted into books
2026-07-29T14:03:02.561+05:30  INFO 27908 --- [bookstore-backend] [           main] liquibase.changelog                      : New row inserted into books
2026-07-29T14:03:02.573+05:30  INFO 27908 --- [bookstore-backend] [           main] liquibase.changelog                      : New row inserted into books
2026-07-29T14:03:02.580+05:30  INFO 27908 --- [bookstore-backend] [           main] liquibase.changelog                      : New row inserted into books
2026-07-29T14:03:02.592+05:30  INFO 27908 --- [bookstore-backend] [           main] liquibase.changelog                      : New row inserted into books
2026-07-29T14:03:02.602+05:30  INFO 27908 --- [bookstore-backend] [           main] liquibase.changelog                      : New row inserted into books
2026-07-29T14:03:02.606+05:30  INFO 27908 --- [bookstore-backend] [           main] liquibase.changelog                      : New row inserted into books
2026-07-29T14:03:02.620+05:30  INFO 27908 --- [bookstore-backend] [           main] liquibase.changelog                      : New row inserted into books
2026-07-29T14:03:02.623+05:30  INFO 27908 --- [bookstore-backend] [           main] liquibase.changelog                      : New row inserted into books
2026-07-29T14:03:02.629+05:30  INFO 27908 --- [bookstore-backend] [           main] liquibase.changelog                      : New row inserted into books
2026-07-29T14:03:02.639+05:30  INFO 27908 --- [bookstore-backend] [           main] liquibase.changelog                      : New row inserted into books
2026-07-29T14:03:02.652+05:30  INFO 27908 --- [bookstore-backend] [           main] liquibase.changelog                      : New row inserted into books
2026-07-29T14:03:02.660+05:30  INFO 27908 --- [bookstore-backend] [           main] liquibase.changelog                      : New row inserted into books
2026-07-29T14:03:02.664+05:30  INFO 27908 --- [bookstore-backend] [           main] liquibase.changelog                      : New row inserted into books
2026-07-29T14:03:02.673+05:30  INFO 27908 --- [bookstore-backend] [           main] liquibase.changelog                      : New row inserted into books
2026-07-29T14:03:02.678+05:30  INFO 27908 --- [bookstore-backend] [           main] liquibase.changelog                      : New row inserted into books
2026-07-29T14:03:02.681+05:30  INFO 27908 --- [bookstore-backend] [           main] liquibase.changelog                      : New row inserted into books
2026-07-29T14:03:02.688+05:30  INFO 27908 --- [bookstore-backend] [           main] liquibase.changelog                      : ChangeSet db/changelog/changes/04-insert-100-sample-books.xml::04-insert-100-sample-books::bookstore ran successfully in 426ms
2026-07-29T14:03:02.733+05:30  INFO 27908 --- [bookstore-backend] [           main] liquibase.util                           : UPDATE SUMMARY
2026-07-29T14:03:02.733+05:30  INFO 27908 --- [bookstore-backend] [           main] liquibase.util                           : Run:                          9
2026-07-29T14:03:02.733+05:30  INFO 27908 --- [bookstore-backend] [           main] liquibase.util                           : Previously run:               0
2026-07-29T14:03:02.735+05:30  INFO 27908 --- [bookstore-backend] [           main] liquibase.util                           : Filtered out:                 0
2026-07-29T14:03:02.735+05:30  INFO 27908 --- [bookstore-backend] [           main] liquibase.util                           : -------------------------------
2026-07-29T14:03:02.735+05:30  INFO 27908 --- [bookstore-backend] [           main] liquibase.util                           : Total change sets:            9
2026-07-29T14:03:02.738+05:30  INFO 27908 --- [bookstore-backend] [           main] liquibase.util                           : Update summary generated
2026-07-29T14:03:02.746+05:30  INFO 27908 --- [bookstore-backend] [           main] liquibase.command                        : Update command completed successfully.
2026-07-29T14:03:02.747+05:30  INFO 27908 --- [bookstore-backend] [           main] liquibase.ui                             : Liquibase: Update has been successful. Rows affected: 73
2026-07-29T14:03:02.753+05:30  INFO 27908 --- [bookstore-backend] [           main] liquibase.lockservice                    : Successfully released change log lock
2026-07-29T14:03:02.757+05:30  INFO 27908 --- [bookstore-backend] [           main] liquibase.command                        : Command execution complete
2026-07-29T14:03:03.190+05:30  INFO 27908 --- [bookstore-backend] [           main] o.hibernate.jpa.internal.util.LogHelper  : HHH000204: Processing PersistenceUnitInfo [name: default]
2026-07-29T14:03:03.431+05:30  INFO 27908 --- [bookstore-backend] [           main] org.hibernate.Version                    : HHH000412: Hibernate ORM core version 6.6.8.Final
2026-07-29T14:03:03.599+05:30  INFO 27908 --- [bookstore-backend] [           main] o.h.c.internal.RegionFactoryInitiator    : HHH000026: Second-level cache disabled
2026-07-29T14:03:04.059+05:30  INFO 27908 --- [bookstore-backend] [           main] o.s.o.j.p.SpringPersistenceUnitInfo      : No LoadTimeWeaver setup: ignoring JPA class transformer
2026-07-29T14:03:04.220+05:30  WARN 27908 --- [bookstore-backend] [           main] org.hibernate.orm.deprecation            : HHH90000025: H2Dialect does not need to be specified explicitly using 'hibernate.dialect' (remove the property setting and it will be selected by default)
2026-07-29T14:03:04.268+05:30  INFO 27908 --- [bookstore-backend] [           main] org.hibernate.orm.connections.pooling    : HHH10001005: Database info:
	Database JDBC URL [Connecting through datasource 'HikariDataSource (HikariPool-1)']
	Database driver: undefined/unknown
	Database version: 2.3.232
	Autocommit mode: undefined/unknown
	Isolation level: undefined/unknown
	Minimum pool size: undefined/unknown
	Maximum pool size: undefined/unknown
2026-07-29T14:03:05.916+05:30  INFO 27908 --- [bookstore-backend] [           main] o.h.e.t.j.p.i.JtaPlatformInitiator       : HHH000489: No JTA platform available (set 'hibernate.transaction.jta.platform' to enable JTA platform integration)
2026-07-29T14:03:05.971+05:30  INFO 27908 --- [bookstore-backend] [           main] j.LocalContainerEntityManagerFactoryBean : Initialized JPA EntityManagerFactory for persistence unit 'default'
2026-07-29T14:03:07.031+05:30  INFO 27908 --- [bookstore-backend] [           main] r$InitializeUserDetailsManagerConfigurer : Global AuthenticationManager configured with UserDetailsService bean with name customUserDetailsService
2026-07-29T14:03:07.492+05:30  WARN 27908 --- [bookstore-backend] [           main] JpaBaseConfiguration$JpaWebConfiguration : spring.jpa.open-in-view is enabled by default. Therefore, database queries may be performed during view rendering. Explicitly configure spring.jpa.open-in-view to disable this warning
2026-07-29T14:03:09.966+05:30  INFO 27908 --- [bookstore-backend] [           main] o.s.b.a.e.web.EndpointLinksResolver      : Exposing 4 endpoints beneath base path '/actuator'
2026-07-29T14:03:12.166+05:30  INFO 27908 --- [bookstore-backend] [           main] o.s.d.j.r.query.QueryEnhancerFactory     : Hibernate is in classpath; If applicable, HQL parser will be used.
2026-07-29T14:03:15.348+05:30  INFO 27908 --- [bookstore-backend] [           main] o.s.b.a.h2.H2ConsoleAutoConfiguration    : H2 console available at '/h2-console'. Database available at 'jdbc:h2:mem:bookstoredb'
2026-07-29T14:03:15.552+05:30  INFO 27908 --- [bookstore-backend] [           main] o.s.b.t.m.w.SpringBootMockServletContext : Initializing Spring TestDispatcherServlet ''
2026-07-29T14:03:15.552+05:30  INFO 27908 --- [bookstore-backend] [           main] o.s.t.web.servlet.TestDispatcherServlet  : Initializing Servlet ''
2026-07-29T14:03:15.555+05:30  INFO 27908 --- [bookstore-backend] [           main] o.s.t.web.servlet.TestDispatcherServlet  : Completed initialization in 3 ms
2026-07-29T14:03:15.878+05:30  INFO 27908 --- [bookstore-backend] [           main] c.b.controller.BookControllerTest        : Started BookControllerTest in 35.54 seconds (process running for 38.328)
]]></system-out>
    <system-err><![CDATA[Mockito is currently self-attaching to enable the inline-mock-maker. This will no longer work in future releases of the JDK. Please add Mockito as an agent to your build what is described in Mockito's documentation: https://javadoc.io/doc/org.mockito/mockito-core/latest/org/mockito/Mockito.html#0.3
WARNING: A Java agent has been loaded dynamically (C:\Users\Siva\.m2\repository\net\bytebuddy\byte-buddy-agent\1.15.11\byte-buddy-agent-1.15.11.jar)
WARNING: If a serviceability tool is in use, please run with -XX:+EnableDynamicAgentLoading to hide this warning
WARNING: If a serviceability tool is not in use, please run with -Djdk.instrument.traceUsage for more information
WARNING: Dynamic loading of agents will be disallowed by default in a future release
]]></system-err>
  </testcase>
  <testcase name="testDeleteBook_AdminRole_Allowed" classname="com.bookstore.controller.BookControllerTest" time="0.025"/>
  <testcase name="testCreateBook_UserRole_Forbidden" classname="com.bookstore.controller.BookControllerTest" time="0.021"/>
  <testcase name="testGetAllBooks_UserRole_Allowed" classname="com.bookstore.controller.BookControllerTest" time="0.057">
    <system-out><![CDATA[2026-07-29T14:03:16.703+05:30  WARN 27908 --- [bookstore-backend] [           main] ration$PageModule$WarningLoggingModifier : Serializing PageImpl instances as-is is not supported, meaning that there is no guarantee about the stability of the resulting JSON structure!
	For a stable JSON structure, please use Spring Data's PagedModel (globally via @EnableSpringDataWebSupport(pageSerializationMode = VIA_DTO))
	or Spring HATEOAS and Spring Data's PagedResourcesAssembler as documented in https://docs.spring.io/spring-data/commons/reference/repositories/core-extensions.html#core.web.pageables.

]]></system-out>
  </testcase>
</testsuite>