<?xml version="1.0" encoding="UTF-8"?>
<testsuite xmlns:xsi="http://www.w3.org/2001/XMLSchema-instance" xsi:noNamespaceSchemaLocation="https://maven.apache.org/surefire/maven-surefire-plugin/xsd/surefire-test-report.xsd" version="3.0.2" name="com.bookstore.repository.RoleRepositoryTest" time="2.219" tests="1" errors="0" skipped="0" failures="0">
  <properties>
[...]
</properties>
  <testcase name="testFindByName_SeedRolesExist" classname="com.bookstore.repository.RoleRepositoryTest" time="0.307">
    <system-out><![CDATA[2026-07-29T14:07:07.481+05:30  INFO 27972 --- [bookstore-backend] [           main] t.c.s.AnnotationConfigContextLoaderUtils : Could not detect default configuration classes for test class [com.bookstore.repository.RoleRepositoryTest]: RoleRepositoryTest does not declare any static, non-private, non-final, nested classes annotated with @Configuration.
2026-07-29T14:07:07.531+05:30  INFO 27972 --- [bookstore-backend] [           main] .b.t.c.SpringBootTestContextBootstrapper : Found @SpringBootConfiguration com.bookstore.BookstoreApplication for test class com.bookstore.repository.RoleRepositoryTest

  .   ____          _            __ _ _
 /\\ / ___'_ __ _ _(_)_ __  __ _ \ \ \ \
( ( )\___ | '_ | '_| | '_ \/ _` | \ \ \ \
 \\/  ___)| |_)| | | | | || (_| |  ) ) ) )
  '  |____| .__|_| |_|_| |_\__, | / / / /
 =========|_|==============|___/=/_/_/_/

 :: Spring Boot ::                (v3.4.3)

2026-07-29T14:07:07.606+05:30  INFO 27972 --- [bookstore-backend] [           main] c.b.repository.RoleRepositoryTest        : Starting RoleRepositoryTest using Java 25.0.3 with PID 27972 (started by Siva in C:\Users\Siva\.gemini\antigravity\scratch\bookstore\backend)
2026-07-29T14:07:07.607+05:30  INFO 27972 --- [bookstore-backend] [           main] c.b.repository.RoleRepositoryTest        : The following 1 profile is active: "h2"
2026-07-29T14:07:07.787+05:30  INFO 27972 --- [bookstore-backend] [           main] .s.d.r.c.RepositoryConfigurationDelegate : Multiple Spring Data modules found, entering strict repository configuration mode
2026-07-29T14:07:07.788+05:30  INFO 27972 --- [bookstore-backend] [           main] .s.d.r.c.RepositoryConfigurationDelegate : Bootstrapping Spring Data JPA repositories in DEFAULT mode.
2026-07-29T14:07:07.818+05:30  INFO 27972 --- [bookstore-backend] [           main] .s.d.r.c.RepositoryConfigurationDelegate : Finished Spring Data repository scanning in 26 ms. Found 3 JPA repository interfaces.
2026-07-29T14:07:07.854+05:30  INFO 27972 --- [bookstore-backend] [           main] beddedDataSourceBeanFactoryPostProcessor : Replacing 'dataSource' DataSource bean with embedded version
2026-07-29T14:07:07.953+05:30  INFO 27972 --- [bookstore-backend] [           main] o.s.j.d.e.EmbeddedDatabaseFactory        : Starting embedded database: url='jdbc:h2:mem:c652322a-e52a-4076-bd00-73963ce99689;DB_CLOSE_DELAY=-1;DB_CLOSE_ON_EXIT=false', username='sa'
2026-07-29T14:07:07.967+05:30  INFO 27972 --- [bookstore-backend] [           main] liquibase.database                       : Set default schema name to PUBLIC
2026-07-29T14:07:08.133+05:30  INFO 27972 --- [bookstore-backend] [           main] liquibase.changelog                      : Creating database history table with name: PUBLIC.DATABASECHANGELOG
2026-07-29T14:07:08.142+05:30  INFO 27972 --- [bookstore-backend] [           main] liquibase.changelog                      : Reading from PUBLIC.DATABASECHANGELOG
2026-07-29T14:07:08.215+05:30  INFO 27972 --- [bookstore-backend] [           main] liquibase.lockservice                    : Successfully acquired change log lock
2026-07-29T14:07:08.219+05:30  INFO 27972 --- [bookstore-backend] [           main] liquibase.command                        : Using deploymentId: 5314228219
2026-07-29T14:07:08.223+05:30  INFO 27972 --- [bookstore-backend] [           main] liquibase.changelog                      : Reading from PUBLIC.DATABASECHANGELOG
2026-07-29T14:07:08.285+05:30  INFO 27972 --- [bookstore-backend] [           main] liquibase.ui                             : Running Changeset: db/changelog/changes/01-create-users-roles-schema.xml::01-create-roles-table::bookstore
2026-07-29T14:07:08.436+05:30  INFO 27972 --- [bookstore-backend] [           main] liquibase.changelog                      : Table roles created
2026-07-29T14:07:08.437+05:30  INFO 27972 --- [bookstore-backend] [           main] liquibase.changelog                      : ChangeSet db/changelog/changes/01-create-users-roles-schema.xml::01-create-roles-table::bookstore ran successfully in 151ms
2026-07-29T14:07:08.464+05:30  INFO 27972 --- [bookstore-backend] [           main] liquibase.ui                             : Running Changeset: db/changelog/changes/01-create-users-roles-schema.xml::01-create-users-table::bookstore
2026-07-29T14:07:08.480+05:30  INFO 27972 --- [bookstore-backend] [           main] liquibase.changelog                      : Table users created
2026-07-29T14:07:08.482+05:30  INFO 27972 --- [bookstore-backend] [           main] liquibase.changelog                      : ChangeSet db/changelog/changes/01-create-users-roles-schema.xml::01-create-users-table::bookstore ran successfully in 17ms
2026-07-29T14:07:08.486+05:30  INFO 27972 --- [bookstore-backend] [           main] liquibase.ui                             : Running Changeset: db/changelog/changes/01-create-users-roles-schema.xml::01-create-user-roles-table::bookstore
2026-07-29T14:07:08.500+05:30  INFO 27972 --- [bookstore-backend] [           main] liquibase.changelog                      : Table user_roles created
2026-07-29T14:07:08.504+05:30  INFO 27972 --- [bookstore-backend] [           main] liquibase.changelog                      : Primary key added to user_roles (user_id, role_id)
2026-07-29T14:07:08.505+05:30  INFO 27972 --- [bookstore-backend] [           main] liquibase.changelog                      : ChangeSet db/changelog/changes/01-create-users-roles-schema.xml::01-create-user-roles-table::bookstore ran successfully in 17ms
2026-07-29T14:07:08.532+05:30  INFO 27972 --- [bookstore-backend] [           main] liquibase.ui                             : Running Changeset: db/changelog/changes/02-create-books-schema.xml::02-create-books-table::bookstore
2026-07-29T14:07:08.540+05:30  INFO 27972 --- [bookstore-backend] [           main] liquibase.changelog                      : Table books created
2026-07-29T14:07:08.541+05:30  INFO 27972 --- [bookstore-backend] [           main] liquibase.changelog                      : ChangeSet db/changelog/changes/02-create-books-schema.xml::02-create-books-table::bookstore ran successfully in 7ms
2026-07-29T14:07:08.547+05:30  INFO 27972 --- [bookstore-backend] [           main] liquibase.ui                             : Running Changeset: db/changelog/changes/03-insert-initial-users-roles.xml::03-insert-roles-v3::bookstore
2026-07-29T14:07:08.549+05:30  INFO 27972 --- [bookstore-backend] [           main] liquibase.changelog                      : New row inserted into roles
2026-07-29T14:07:08.552+05:30  INFO 27972 --- [bookstore-backend] [           main] liquibase.changelog                      : New row inserted into roles
2026-07-29T14:07:08.553+05:30  INFO 27972 --- [bookstore-backend] [           main] liquibase.changelog                      : New row inserted into roles
2026-07-29T14:07:08.553+05:30  INFO 27972 --- [bookstore-backend] [           main] liquibase.changelog                      : ChangeSet db/changelog/changes/03-insert-initial-users-roles.xml::03-insert-roles-v3::bookstore ran successfully in 5ms
2026-07-29T14:07:08.559+05:30  INFO 27972 --- [bookstore-backend] [           main] liquibase.ui                             : Running Changeset: db/changelog/changes/03-insert-initial-users-roles.xml::03-insert-users-v3::bookstore
2026-07-29T14:07:08.562+05:30  INFO 27972 --- [bookstore-backend] [           main] liquibase.changelog                      : New row inserted into users
2026-07-29T14:07:08.565+05:30  INFO 27972 --- [bookstore-backend] [           main] liquibase.changelog                      : New row inserted into users
2026-07-29T14:07:08.570+05:30  INFO 27972 --- [bookstore-backend] [           main] liquibase.changelog                      : New row inserted into users
2026-07-29T14:07:08.572+05:30  INFO 27972 --- [bookstore-backend] [           main] liquibase.changelog                      : ChangeSet db/changelog/changes/03-insert-initial-users-roles.xml::03-insert-users-v3::bookstore ran successfully in 11ms
2026-07-29T14:07:08.578+05:30  INFO 27972 --- [bookstore-backend] [           main] liquibase.ui                             : Running Changeset: db/changelog/changes/03-insert-initial-users-roles.xml::03-insert-user-roles-v3::bookstore
2026-07-29T14:07:08.606+05:30  INFO 27972 --- [bookstore-backend] [           main] liquibase.changelog                      : Custom SQL executed
2026-07-29T14:07:08.612+05:30  INFO 27972 --- [bookstore-backend] [           main] liquibase.changelog                      : ChangeSet db/changelog/changes/03-insert-initial-users-roles.xml::03-insert-user-roles-v3::bookstore ran successfully in 26ms
2026-07-29T14:07:08.616+05:30  INFO 27972 --- [bookstore-backend] [           main] liquibase.ui                             : Running Changeset: db/changelog/changes/03-insert-initial-users-roles.xml::03-sync-identity-sequences::bookstore
2026-07-29T14:07:08.626+05:30  INFO 27972 --- [bookstore-backend] [           main] liquibase.changelog                      : Custom SQL executed
2026-07-29T14:07:08.627+05:30  INFO 27972 --- [bookstore-backend] [           main] liquibase.changelog                      : ChangeSet db/changelog/changes/03-insert-initial-users-roles.xml::03-sync-identity-sequences::bookstore ran successfully in 11ms
2026-07-29T14:07:08.673+05:30  INFO 27972 --- [bookstore-backend] [           main] liquibase.ui                             : Running Changeset: db/changelog/changes/04-insert-100-sample-books.xml::04-insert-100-sample-books::bookstore
2026-07-29T14:07:08.677+05:30  INFO 27972 --- [bookstore-backend] [           main] liquibase.changelog                      : New row inserted into books
2026-07-29T14:07:08.679+05:30  INFO 27972 --- [bookstore-backend] [           main] liquibase.changelog                      : New row inserted into books
2026-07-29T14:07:08.681+05:30  INFO 27972 --- [bookstore-backend] [           main] liquibase.changelog                      : New row inserted into books
2026-07-29T14:07:08.683+05:30  INFO 27972 --- [bookstore-backend] [           main] liquibase.changelog                      : New row inserted into books
2026-07-29T14:07:08.690+05:30  INFO 27972 --- [bookstore-backend] [           main] liquibase.changelog                      : New row inserted into books
2026-07-29T14:07:08.693+05:30  INFO 27972 --- [bookstore-backend] [           main] liquibase.changelog                      : New row inserted into books
2026-07-29T14:07:08.695+05:30  INFO 27972 --- [bookstore-backend] [           main] liquibase.changelog                      : New row inserted into books
2026-07-29T14:07:08.698+05:30  INFO 27972 --- [bookstore-backend] [           main] liquibase.changelog                      : New row inserted into books
2026-07-29T14:07:08.706+05:30  INFO 27972 --- [bookstore-backend] [           main] liquibase.changelog                      : New row inserted into books
2026-07-29T14:07:08.708+05:30  INFO 27972 --- [bookstore-backend] [           main] liquibase.changelog                      : New row inserted into books
2026-07-29T14:07:08.710+05:30  INFO 27972 --- [bookstore-backend] [           main] liquibase.changelog                      : New row inserted into books
2026-07-29T14:07:08.712+05:30  INFO 27972 --- [bookstore-backend] [           main] liquibase.changelog                      : New row inserted into books
2026-07-29T14:07:08.714+05:30  INFO 27972 --- [bookstore-backend] [           main] liquibase.changelog                      : New row inserted into books
2026-07-29T14:07:08.716+05:30  INFO 27972 --- [bookstore-backend] [           main] liquibase.changelog                      : New row inserted into books
2026-07-29T14:07:08.721+05:30  INFO 27972 --- [bookstore-backend] [           main] liquibase.changelog                      : New row inserted into books
2026-07-29T14:07:08.723+05:30  INFO 27972 --- [bookstore-backend] [           main] liquibase.changelog                      : New row inserted into books
2026-07-29T14:07:08.725+05:30  INFO 27972 --- [bookstore-backend] [           main] liquibase.changelog                      : New row inserted into books
2026-07-29T14:07:08.728+05:30  INFO 27972 --- [bookstore-backend] [           main] liquibase.changelog                      : New row inserted into books
2026-07-29T14:07:08.729+05:30  INFO 27972 --- [bookstore-backend] [           main] liquibase.changelog                      : New row inserted into books
2026-07-29T14:07:08.732+05:30  INFO 27972 --- [bookstore-backend] [           main] liquibase.changelog                      : New row inserted into books
2026-07-29T14:07:08.736+05:30  INFO 27972 --- [bookstore-backend] [           main] liquibase.changelog                      : New row inserted into books
2026-07-29T14:07:08.739+05:30  INFO 27972 --- [bookstore-backend] [           main] liquibase.changelog                      : New row inserted into books
2026-07-29T14:07:08.742+05:30  INFO 27972 --- [bookstore-backend] [           main] liquibase.changelog                      : New row inserted into books
2026-07-29T14:07:08.747+05:30  INFO 27972 --- [bookstore-backend] [           main] liquibase.changelog                      : New row inserted into books
2026-07-29T14:07:08.748+05:30  INFO 27972 --- [bookstore-backend] [           main] liquibase.changelog                      : New row inserted into books
2026-07-29T14:07:08.751+05:30  INFO 27972 --- [bookstore-backend] [           main] liquibase.changelog                      : New row inserted into books
2026-07-29T14:07:08.752+05:30  INFO 27972 --- [bookstore-backend] [           main] liquibase.changelog                      : New row inserted into books
2026-07-29T14:07:08.756+05:30  INFO 27972 --- [bookstore-backend] [           main] liquibase.changelog                      : New row inserted into books
2026-07-29T14:07:08.759+05:30  INFO 27972 --- [bookstore-backend] [           main] liquibase.changelog                      : New row inserted into books
2026-07-29T14:07:08.762+05:30  INFO 27972 --- [bookstore-backend] [           main] liquibase.changelog                      : New row inserted into books
2026-07-29T14:07:08.765+05:30  INFO 27972 --- [bookstore-backend] [           main] liquibase.changelog                      : New row inserted into books
2026-07-29T14:07:08.767+05:30  INFO 27972 --- [bookstore-backend] [           main] liquibase.changelog                      : New row inserted into books
2026-07-29T14:07:08.770+05:30  INFO 27972 --- [bookstore-backend] [           main] liquibase.changelog                      : New row inserted into books
2026-07-29T14:07:08.771+05:30  INFO 27972 --- [bookstore-backend] [           main] liquibase.changelog                      : New row inserted into books
2026-07-29T14:07:08.773+05:30  INFO 27972 --- [bookstore-backend] [           main] liquibase.changelog                      : New row inserted into books
2026-07-29T14:07:08.775+05:30  INFO 27972 --- [bookstore-backend] [           main] liquibase.changelog                      : New row inserted into books
2026-07-29T14:07:08.778+05:30  INFO 27972 --- [bookstore-backend] [           main] liquibase.changelog                      : New row inserted into books
2026-07-29T14:07:08.779+05:30  INFO 27972 --- [bookstore-backend] [           main] liquibase.changelog                      : New row inserted into books
2026-07-29T14:07:08.781+05:30  INFO 27972 --- [bookstore-backend] [           main] liquibase.changelog                      : New row inserted into books
2026-07-29T14:07:08.782+05:30  INFO 27972 --- [bookstore-backend] [           main] liquibase.changelog                      : New row inserted into books
2026-07-29T14:07:08.786+05:30  INFO 27972 --- [bookstore-backend] [           main] liquibase.changelog                      : New row inserted into books
2026-07-29T14:07:08.789+05:30  INFO 27972 --- [bookstore-backend] [           main] liquibase.changelog                      : New row inserted into books
2026-07-29T14:07:08.806+05:30  INFO 27972 --- [bookstore-backend] [           main] liquibase.changelog                      : New row inserted into books
2026-07-29T14:07:08.811+05:30  INFO 27972 --- [bookstore-backend] [           main] liquibase.changelog                      : New row inserted into books
2026-07-29T14:07:08.819+05:30  INFO 27972 --- [bookstore-backend] [           main] liquibase.changelog                      : New row inserted into books
2026-07-29T14:07:08.820+05:30  INFO 27972 --- [bookstore-backend] [           main] liquibase.changelog                      : New row inserted into books
2026-07-29T14:07:08.833+05:30  INFO 27972 --- [bookstore-backend] [           main] liquibase.changelog                      : New row inserted into books
2026-07-29T14:07:08.848+05:30  INFO 27972 --- [bookstore-backend] [           main] liquibase.changelog                      : New row inserted into books
2026-07-29T14:07:08.860+05:30  INFO 27972 --- [bookstore-backend] [           main] liquibase.changelog                      : New row inserted into books
2026-07-29T14:07:08.865+05:30  INFO 27972 --- [bookstore-backend] [           main] liquibase.changelog                      : New row inserted into books
2026-07-29T14:07:08.868+05:30  INFO 27972 --- [bookstore-backend] [           main] liquibase.changelog                      : New row inserted into books
2026-07-29T14:07:08.871+05:30  INFO 27972 --- [bookstore-backend] [           main] liquibase.changelog                      : New row inserted into books
2026-07-29T14:07:08.872+05:30  INFO 27972 --- [bookstore-backend] [           main] liquibase.changelog                      : New row inserted into books
2026-07-29T14:07:08.873+05:30  INFO 27972 --- [bookstore-backend] [           main] liquibase.changelog                      : New row inserted into books
2026-07-29T14:07:08.876+05:30  INFO 27972 --- [bookstore-backend] [           main] liquibase.changelog                      : New row inserted into books
2026-07-29T14:07:08.878+05:30  INFO 27972 --- [bookstore-backend] [           main] liquibase.changelog                      : ChangeSet db/changelog/changes/04-insert-100-sample-books.xml::04-insert-100-sample-books::bookstore ran successfully in 202ms
2026-07-29T14:07:08.881+05:30  INFO 27972 --- [bookstore-backend] [           main] liquibase.util                           : UPDATE SUMMARY
2026-07-29T14:07:08.881+05:30  INFO 27972 --- [bookstore-backend] [           main] liquibase.util                           : Run:                          9
2026-07-29T14:07:08.881+05:30  INFO 27972 --- [bookstore-backend] [           main] liquibase.util                           : Previously run:               0
2026-07-29T14:07:08.881+05:30  INFO 27972 --- [bookstore-backend] [           main] liquibase.util                           : Filtered out:                 0
2026-07-29T14:07:08.881+05:30  INFO 27972 --- [bookstore-backend] [           main] liquibase.util                           : -------------------------------
2026-07-29T14:07:08.882+05:30  INFO 27972 --- [bookstore-backend] [           main] liquibase.util                           : Total change sets:            9
2026-07-29T14:07:08.882+05:30  INFO 27972 --- [bookstore-backend] [           main] liquibase.util                           : Update summary generated
2026-07-29T14:07:08.884+05:30  INFO 27972 --- [bookstore-backend] [           main] liquibase.command                        : Update command completed successfully.
2026-07-29T14:07:08.884+05:30  INFO 27972 --- [bookstore-backend] [           main] liquibase.ui                             : Liquibase: Update has been successful. Rows affected: 73
2026-07-29T14:07:08.888+05:30  INFO 27972 --- [bookstore-backend] [           main] liquibase.lockservice                    : Successfully released change log lock
2026-07-29T14:07:08.888+05:30  INFO 27972 --- [bookstore-backend] [           main] liquibase.command                        : Command execution complete
2026-07-29T14:07:08.931+05:30  INFO 27972 --- [bookstore-backend] [           main] o.hibernate.jpa.internal.util.LogHelper  : HHH000204: Processing PersistenceUnitInfo [name: default]
2026-07-29T14:07:08.940+05:30  INFO 27972 --- [bookstore-backend] [           main] o.h.c.internal.RegionFactoryInitiator    : HHH000026: Second-level cache disabled
2026-07-29T14:07:08.985+05:30  INFO 27972 --- [bookstore-backend] [           main] o.s.o.j.p.SpringPersistenceUnitInfo      : No LoadTimeWeaver setup: ignoring JPA class transformer
2026-07-29T14:07:08.991+05:30  WARN 27972 --- [bookstore-backend] [           main] org.hibernate.orm.deprecation            : HHH90000025: H2Dialect does not need to be specified explicitly using 'hibernate.dialect' (remove the property setting and it will be selected by default)
2026-07-29T14:07:08.993+05:30  INFO 27972 --- [bookstore-backend] [           main] org.hibernate.orm.connections.pooling    : HHH10001005: Database info:
	Database JDBC URL [Connecting through datasource 'org.springframework.jdbc.datasource.embedded.EmbeddedDatabaseFactory$EmbeddedDataSourceProxy@1b844e16']
	Database driver: undefined/unknown
	Database version: 2.3.232
	Autocommit mode: undefined/unknown
	Isolation level: undefined/unknown
	Minimum pool size: undefined/unknown
	Maximum pool size: undefined/unknown
2026-07-29T14:07:09.222+05:30  INFO 27972 --- [bookstore-backend] [           main] o.h.e.t.j.p.i.JtaPlatformInitiator       : HHH000489: No JTA platform available (set 'hibernate.transaction.jta.platform' to enable JTA platform integration)
2026-07-29T14:07:09.230+05:30  INFO 27972 --- [bookstore-backend] [           main] j.LocalContainerEntityManagerFactoryBean : Initialized JPA EntityManagerFactory for persistence unit 'default'
2026-07-29T14:07:09.372+05:30  INFO 27972 --- [bookstore-backend] [           main] c.b.repository.RoleRepositoryTest        : Started RoleRepositoryTest in 1.833 seconds (process running for 38.311)
Hibernate: select r1_0.id,r1_0.name from roles r1_0 where r1_0.name=?
Hibernate: select r1_0.id,r1_0.name from roles r1_0 where r1_0.name=?
Hibernate: select r1_0.id,r1_0.name from roles r1_0 where r1_0.name=?
]]></system-out>
  </testcase>
</testsuite>