<?xml version="1.0" encoding="UTF-8"?>
<testsuite xmlns:xsi="http://www.w3.org/2001/XMLSchema-instance" xsi:noNamespaceSchemaLocation="https://maven.apache.org/surefire/maven-surefire-plugin/xsd/surefire-test-report.xsd" version="3.0.2" name="com.bookstore.repository.RoleRepositoryTest" time="2.342" tests="1" errors="0" skipped="0" failures="0">
  <properties>
[...]
</properties>
  <testcase name="testFindByName_SeedRolesExist" classname="com.bookstore.repository.RoleRepositoryTest" time="0.378">
    <system-out><![CDATA[2026-07-29T14:34:02.735+05:30  INFO 25580 --- [bookstore-backend] [           main] t.c.s.AnnotationConfigContextLoaderUtils : Could not detect default configuration classes for test class [com.bookstore.repository.RoleRepositoryTest]: RoleRepositoryTest does not declare any static, non-private, non-final, nested classes annotated with @Configuration.
2026-07-29T14:34:02.896+05:30  INFO 25580 --- [bookstore-backend] [           main] .b.t.c.SpringBootTestContextBootstrapper : Found @SpringBootConfiguration com.bookstore.BookstoreApplication for test class com.bookstore.repository.RoleRepositoryTest

  .   ____          _            __ _ _
 /\\ / ___'_ __ _ _(_)_ __  __ _ \ \ \ \
( ( )\___ | '_ | '_| | '_ \/ _` | \ \ \ \
 \\/  ___)| |_)| | | | | || (_| |  ) ) ) )
  '  |____| .__|_| |_|_| |_\__, | / / / /
 =========|_|==============|___/=/_/_/_/

 :: Spring Boot ::                (v3.4.3)

2026-07-29T14:34:03.007+05:30  INFO 25580 --- [bookstore-backend] [           main] c.b.repository.RoleRepositoryTest        : Starting RoleRepositoryTest using Java 26.0.1 with PID 25580 (started by Siva in C:\Users\Siva\.gemini\antigravity\scratch\bookstore\backend)
2026-07-29T14:34:03.007+05:30  INFO 25580 --- [bookstore-backend] [           main] c.b.repository.RoleRepositoryTest        : The following 1 profile is active: "h2"
2026-07-29T14:34:03.271+05:30  INFO 25580 --- [bookstore-backend] [           main] .s.d.r.c.RepositoryConfigurationDelegate : Multiple Spring Data modules found, entering strict repository configuration mode
2026-07-29T14:34:03.271+05:30  INFO 25580 --- [bookstore-backend] [           main] .s.d.r.c.RepositoryConfigurationDelegate : Bootstrapping Spring Data JPA repositories in DEFAULT mode.
2026-07-29T14:34:03.310+05:30  INFO 25580 --- [bookstore-backend] [           main] .s.d.r.c.RepositoryConfigurationDelegate : Finished Spring Data repository scanning in 36 ms. Found 3 JPA repository interfaces.
2026-07-29T14:34:03.364+05:30  INFO 25580 --- [bookstore-backend] [           main] beddedDataSourceBeanFactoryPostProcessor : Replacing 'dataSource' DataSource bean with embedded version
2026-07-29T14:34:03.423+05:30  INFO 25580 --- [bookstore-backend] [           main] o.s.j.d.e.EmbeddedDatabaseFactory        : Starting embedded database: url='jdbc:h2:mem:0e601d6b-9ebd-4a99-b8ff-e41633253cf5;DB_CLOSE_DELAY=-1;DB_CLOSE_ON_EXIT=false', username='sa'
2026-07-29T14:34:03.441+05:30  INFO 25580 --- [bookstore-backend] [           main] liquibase.database                       : Set default schema name to PUBLIC
2026-07-29T14:34:03.646+05:30  INFO 25580 --- [bookstore-backend] [           main] liquibase.changelog                      : Creating database history table with name: PUBLIC.DATABASECHANGELOG
2026-07-29T14:34:03.665+05:30  INFO 25580 --- [bookstore-backend] [           main] liquibase.changelog                      : Reading from PUBLIC.DATABASECHANGELOG
2026-07-29T14:34:03.731+05:30  INFO 25580 --- [bookstore-backend] [           main] liquibase.lockservice                    : Successfully acquired change log lock
2026-07-29T14:34:03.732+05:30  INFO 25580 --- [bookstore-backend] [           main] liquibase.command                        : Using deploymentId: 5315843732
2026-07-29T14:34:03.733+05:30  INFO 25580 --- [bookstore-backend] [           main] liquibase.changelog                      : Reading from PUBLIC.DATABASECHANGELOG
2026-07-29T14:34:03.812+05:30  INFO 25580 --- [bookstore-backend] [           main] liquibase.ui                             : Running Changeset: db/changelog/changes/01-create-users-roles-schema.xml::01-create-roles-table::bookstore
2026-07-29T14:34:03.817+05:30  INFO 25580 --- [bookstore-backend] [           main] liquibase.changelog                      : Table roles created
2026-07-29T14:34:03.817+05:30  INFO 25580 --- [bookstore-backend] [           main] liquibase.changelog                      : ChangeSet db/changelog/changes/01-create-users-roles-schema.xml::01-create-roles-table::bookstore ran successfully in 5ms
2026-07-29T14:34:03.824+05:30  INFO 25580 --- [bookstore-backend] [           main] liquibase.ui                             : Running Changeset: db/changelog/changes/01-create-users-roles-schema.xml::01-create-users-table::bookstore
2026-07-29T14:34:03.830+05:30  INFO 25580 --- [bookstore-backend] [           main] liquibase.changelog                      : Table users created
2026-07-29T14:34:03.831+05:30  INFO 25580 --- [bookstore-backend] [           main] liquibase.changelog                      : ChangeSet db/changelog/changes/01-create-users-roles-schema.xml::01-create-users-table::bookstore ran successfully in 7ms
2026-07-29T14:34:03.836+05:30  INFO 25580 --- [bookstore-backend] [           main] liquibase.ui                             : Running Changeset: db/changelog/changes/01-create-users-roles-schema.xml::01-create-user-roles-table::bookstore
2026-07-29T14:34:03.846+05:30  INFO 25580 --- [bookstore-backend] [           main] liquibase.changelog                      : Table user_roles created
2026-07-29T14:34:03.849+05:30  INFO 25580 --- [bookstore-backend] [           main] liquibase.changelog                      : Primary key added to user_roles (user_id, role_id)
2026-07-29T14:34:03.849+05:30  INFO 25580 --- [bookstore-backend] [           main] liquibase.changelog                      : ChangeSet db/changelog/changes/01-create-users-roles-schema.xml::01-create-user-roles-table::bookstore ran successfully in 12ms
2026-07-29T14:34:03.857+05:30  INFO 25580 --- [bookstore-backend] [           main] liquibase.ui                             : Running Changeset: db/changelog/changes/02-create-books-schema.xml::02-create-books-table::bookstore
2026-07-29T14:34:03.866+05:30  INFO 25580 --- [bookstore-backend] [           main] liquibase.changelog                      : Table books created
2026-07-29T14:34:03.867+05:30  INFO 25580 --- [bookstore-backend] [           main] liquibase.changelog                      : ChangeSet db/changelog/changes/02-create-books-schema.xml::02-create-books-table::bookstore ran successfully in 10ms
2026-07-29T14:34:03.872+05:30  INFO 25580 --- [bookstore-backend] [           main] liquibase.ui                             : Running Changeset: db/changelog/changes/03-insert-initial-users-roles.xml::03-insert-roles-v4::bookstore
2026-07-29T14:34:03.876+05:30  INFO 25580 --- [bookstore-backend] [           main] liquibase.changelog                      : New row inserted into roles
2026-07-29T14:34:03.878+05:30  INFO 25580 --- [bookstore-backend] [           main] liquibase.changelog                      : New row inserted into roles
2026-07-29T14:34:03.884+05:30  INFO 25580 --- [bookstore-backend] [           main] liquibase.changelog                      : New row inserted into roles
2026-07-29T14:34:03.885+05:30  INFO 25580 --- [bookstore-backend] [           main] liquibase.changelog                      : ChangeSet db/changelog/changes/03-insert-initial-users-roles.xml::03-insert-roles-v4::bookstore ran successfully in 12ms
2026-07-29T14:34:03.890+05:30  INFO 25580 --- [bookstore-backend] [           main] liquibase.ui                             : Running Changeset: db/changelog/changes/03-insert-initial-users-roles.xml::03-insert-users-v4::bookstore
2026-07-29T14:34:03.892+05:30  INFO 25580 --- [bookstore-backend] [           main] liquibase.changelog                      : New row inserted into users
2026-07-29T14:34:03.896+05:30  INFO 25580 --- [bookstore-backend] [           main] liquibase.changelog                      : New row inserted into users
2026-07-29T14:34:03.900+05:30  INFO 25580 --- [bookstore-backend] [           main] liquibase.changelog                      : New row inserted into users
2026-07-29T14:34:03.901+05:30  INFO 25580 --- [bookstore-backend] [           main] liquibase.changelog                      : ChangeSet db/changelog/changes/03-insert-initial-users-roles.xml::03-insert-users-v4::bookstore ran successfully in 11ms
2026-07-29T14:34:03.904+05:30  INFO 25580 --- [bookstore-backend] [           main] liquibase.ui                             : Running Changeset: db/changelog/changes/03-insert-initial-users-roles.xml::03-insert-user-roles-v4::bookstore
2026-07-29T14:34:03.919+05:30  INFO 25580 --- [bookstore-backend] [           main] liquibase.changelog                      : Custom SQL executed
2026-07-29T14:34:03.920+05:30  INFO 25580 --- [bookstore-backend] [           main] liquibase.changelog                      : ChangeSet db/changelog/changes/03-insert-initial-users-roles.xml::03-insert-user-roles-v4::bookstore ran successfully in 16ms
2026-07-29T14:34:03.924+05:30  INFO 25580 --- [bookstore-backend] [           main] liquibase.ui                             : Running Changeset: db/changelog/changes/03-insert-initial-users-roles.xml::03-sync-identity-sequences-v4::bookstore
2026-07-29T14:34:03.931+05:30  INFO 25580 --- [bookstore-backend] [           main] liquibase.changelog                      : Custom SQL executed
2026-07-29T14:34:03.932+05:30  INFO 25580 --- [bookstore-backend] [           main] liquibase.changelog                      : ChangeSet db/changelog/changes/03-insert-initial-users-roles.xml::03-sync-identity-sequences-v4::bookstore ran successfully in 7ms
2026-07-29T14:34:03.980+05:30  INFO 25580 --- [bookstore-backend] [           main] liquibase.ui                             : Running Changeset: db/changelog/changes/04-insert-100-sample-books.xml::04-insert-100-sample-books::bookstore
2026-07-29T14:34:03.983+05:30  INFO 25580 --- [bookstore-backend] [           main] liquibase.changelog                      : New row inserted into books
2026-07-29T14:34:03.990+05:30  INFO 25580 --- [bookstore-backend] [           main] liquibase.changelog                      : New row inserted into books
2026-07-29T14:34:03.992+05:30  INFO 25580 --- [bookstore-backend] [           main] liquibase.changelog                      : New row inserted into books
2026-07-29T14:34:03.994+05:30  INFO 25580 --- [bookstore-backend] [           main] liquibase.changelog                      : New row inserted into books
2026-07-29T14:34:03.997+05:30  INFO 25580 --- [bookstore-backend] [           main] liquibase.changelog                      : New row inserted into books
2026-07-29T14:34:03.999+05:30  INFO 25580 --- [bookstore-backend] [           main] liquibase.changelog                      : New row inserted into books
2026-07-29T14:34:04.001+05:30  INFO 25580 --- [bookstore-backend] [           main] liquibase.changelog                      : New row inserted into books
2026-07-29T14:34:04.006+05:30  INFO 25580 --- [bookstore-backend] [           main] liquibase.changelog                      : New row inserted into books
2026-07-29T14:34:04.009+05:30  INFO 25580 --- [bookstore-backend] [           main] liquibase.changelog                      : New row inserted into books
2026-07-29T14:34:04.013+05:30  INFO 25580 --- [bookstore-backend] [           main] liquibase.changelog                      : New row inserted into books
2026-07-29T14:34:04.015+05:30  INFO 25580 --- [bookstore-backend] [           main] liquibase.changelog                      : New row inserted into books
2026-07-29T14:34:04.017+05:30  INFO 25580 --- [bookstore-backend] [           main] liquibase.changelog                      : New row inserted into books
2026-07-29T14:34:04.022+05:30  INFO 25580 --- [bookstore-backend] [           main] liquibase.changelog                      : New row inserted into books
2026-07-29T14:34:04.024+05:30  INFO 25580 --- [bookstore-backend] [           main] liquibase.changelog                      : New row inserted into books
2026-07-29T14:34:04.030+05:30  INFO 25580 --- [bookstore-backend] [           main] liquibase.changelog                      : New row inserted into books
2026-07-29T14:34:04.033+05:30  INFO 25580 --- [bookstore-backend] [           main] liquibase.changelog                      : New row inserted into books
2026-07-29T14:34:04.037+05:30  INFO 25580 --- [bookstore-backend] [           main] liquibase.changelog                      : New row inserted into books
2026-07-29T14:34:04.040+05:30  INFO 25580 --- [bookstore-backend] [           main] liquibase.changelog                      : New row inserted into books
2026-07-29T14:34:04.043+05:30  INFO 25580 --- [bookstore-backend] [           main] liquibase.changelog                      : New row inserted into books
2026-07-29T14:34:04.045+05:30  INFO 25580 --- [bookstore-backend] [           main] liquibase.changelog                      : New row inserted into books
2026-07-29T14:34:04.047+05:30  INFO 25580 --- [bookstore-backend] [           main] liquibase.changelog                      : New row inserted into books
2026-07-29T14:34:04.050+05:30  INFO 25580 --- [bookstore-backend] [           main] liquibase.changelog                      : New row inserted into books
2026-07-29T14:34:04.053+05:30  INFO 25580 --- [bookstore-backend] [           main] liquibase.changelog                      : New row inserted into books
2026-07-29T14:34:04.055+05:30  INFO 25580 --- [bookstore-backend] [           main] liquibase.changelog                      : New row inserted into books
2026-07-29T14:34:04.057+05:30  INFO 25580 --- [bookstore-backend] [           main] liquibase.changelog                      : New row inserted into books
2026-07-29T14:34:04.059+05:30  INFO 25580 --- [bookstore-backend] [           main] liquibase.changelog                      : New row inserted into books
2026-07-29T14:34:04.061+05:30  INFO 25580 --- [bookstore-backend] [           main] liquibase.changelog                      : New row inserted into books
2026-07-29T14:34:04.062+05:30  INFO 25580 --- [bookstore-backend] [           main] liquibase.changelog                      : New row inserted into books
2026-07-29T14:34:04.063+05:30  INFO 25580 --- [bookstore-backend] [           main] liquibase.changelog                      : New row inserted into books
2026-07-29T14:34:04.068+05:30  INFO 25580 --- [bookstore-backend] [           main] liquibase.changelog                      : New row inserted into books
2026-07-29T14:34:04.070+05:30  INFO 25580 --- [bookstore-backend] [           main] liquibase.changelog                      : New row inserted into books
2026-07-29T14:34:04.073+05:30  INFO 25580 --- [bookstore-backend] [           main] liquibase.changelog                      : New row inserted into books
2026-07-29T14:34:04.075+05:30  INFO 25580 --- [bookstore-backend] [           main] liquibase.changelog                      : New row inserted into books
2026-07-29T14:34:04.079+05:30  INFO 25580 --- [bookstore-backend] [           main] liquibase.changelog                      : New row inserted into books
2026-07-29T14:34:04.085+05:30  INFO 25580 --- [bookstore-backend] [           main] liquibase.changelog                      : New row inserted into books
2026-07-29T14:34:04.093+05:30  INFO 25580 --- [bookstore-backend] [           main] liquibase.changelog                      : New row inserted into books
2026-07-29T14:34:04.101+05:30  INFO 25580 --- [bookstore-backend] [           main] liquibase.changelog                      : New row inserted into books
2026-07-29T14:34:04.103+05:30  INFO 25580 --- [bookstore-backend] [           main] liquibase.changelog                      : New row inserted into books
2026-07-29T14:34:04.104+05:30  INFO 25580 --- [bookstore-backend] [           main] liquibase.changelog                      : New row inserted into books
2026-07-29T14:34:04.136+05:30  INFO 25580 --- [bookstore-backend] [           main] liquibase.changelog                      : New row inserted into books
2026-07-29T14:34:04.138+05:30  INFO 25580 --- [bookstore-backend] [           main] liquibase.changelog                      : New row inserted into books
2026-07-29T14:34:04.141+05:30  INFO 25580 --- [bookstore-backend] [           main] liquibase.changelog                      : New row inserted into books
2026-07-29T14:34:04.145+05:30  INFO 25580 --- [bookstore-backend] [           main] liquibase.changelog                      : New row inserted into books
2026-07-29T14:34:04.148+05:30  INFO 25580 --- [bookstore-backend] [           main] liquibase.changelog                      : New row inserted into books
2026-07-29T14:34:04.151+05:30  INFO 25580 --- [bookstore-backend] [           main] liquibase.changelog                      : New row inserted into books
2026-07-29T14:34:04.155+05:30  INFO 25580 --- [bookstore-backend] [           main] liquibase.changelog                      : New row inserted into books
2026-07-29T14:34:04.157+05:30  INFO 25580 --- [bookstore-backend] [           main] liquibase.changelog                      : New row inserted into books
2026-07-29T14:34:04.159+05:30  INFO 25580 --- [bookstore-backend] [           main] liquibase.changelog                      : New row inserted into books
2026-07-29T14:34:04.164+05:30  INFO 25580 --- [bookstore-backend] [           main] liquibase.changelog                      : New row inserted into books
2026-07-29T14:34:04.166+05:30  INFO 25580 --- [bookstore-backend] [           main] liquibase.changelog                      : New row inserted into books
2026-07-29T14:34:04.169+05:30  INFO 25580 --- [bookstore-backend] [           main] liquibase.changelog                      : New row inserted into books
2026-07-29T14:34:04.171+05:30  INFO 25580 --- [bookstore-backend] [           main] liquibase.changelog                      : New row inserted into books
2026-07-29T14:34:04.173+05:30  INFO 25580 --- [bookstore-backend] [           main] liquibase.changelog                      : New row inserted into books
2026-07-29T14:34:04.176+05:30  INFO 25580 --- [bookstore-backend] [           main] liquibase.changelog                      : New row inserted into books
2026-07-29T14:34:04.181+05:30  INFO 25580 --- [bookstore-backend] [           main] liquibase.changelog                      : New row inserted into books
2026-07-29T14:34:04.183+05:30  INFO 25580 --- [bookstore-backend] [           main] liquibase.changelog                      : ChangeSet db/changelog/changes/04-insert-100-sample-books.xml::04-insert-100-sample-books::bookstore ran successfully in 202ms
2026-07-29T14:34:04.186+05:30  INFO 25580 --- [bookstore-backend] [           main] liquibase.util                           : UPDATE SUMMARY
2026-07-29T14:34:04.187+05:30  INFO 25580 --- [bookstore-backend] [           main] liquibase.util                           : Run:                          9
2026-07-29T14:34:04.187+05:30  INFO 25580 --- [bookstore-backend] [           main] liquibase.util                           : Previously run:               0
2026-07-29T14:34:04.187+05:30  INFO 25580 --- [bookstore-backend] [           main] liquibase.util                           : Filtered out:                 0
2026-07-29T14:34:04.187+05:30  INFO 25580 --- [bookstore-backend] [           main] liquibase.util                           : -------------------------------
2026-07-29T14:34:04.187+05:30  INFO 25580 --- [bookstore-backend] [           main] liquibase.util                           : Total change sets:            9
2026-07-29T14:34:04.188+05:30  INFO 25580 --- [bookstore-backend] [           main] liquibase.util                           : Update summary generated
2026-07-29T14:34:04.192+05:30  INFO 25580 --- [bookstore-backend] [           main] liquibase.command                        : Update command completed successfully.
2026-07-29T14:34:04.192+05:30  INFO 25580 --- [bookstore-backend] [           main] liquibase.ui                             : Liquibase: Update has been successful. Rows affected: 73
2026-07-29T14:34:04.196+05:30  INFO 25580 --- [bookstore-backend] [           main] liquibase.lockservice                    : Successfully released change log lock
2026-07-29T14:34:04.197+05:30  INFO 25580 --- [bookstore-backend] [           main] liquibase.command                        : Command execution complete
2026-07-29T14:34:04.231+05:30  INFO 25580 --- [bookstore-backend] [           main] o.hibernate.jpa.internal.util.LogHelper  : HHH000204: Processing PersistenceUnitInfo [name: default]
2026-07-29T14:34:04.242+05:30  INFO 25580 --- [bookstore-backend] [           main] o.h.c.internal.RegionFactoryInitiator    : HHH000026: Second-level cache disabled
2026-07-29T14:34:04.271+05:30  INFO 25580 --- [bookstore-backend] [           main] o.s.o.j.p.SpringPersistenceUnitInfo      : No LoadTimeWeaver setup: ignoring JPA class transformer
2026-07-29T14:34:04.274+05:30  WARN 25580 --- [bookstore-backend] [           main] org.hibernate.orm.deprecation            : HHH90000025: H2Dialect does not need to be specified explicitly using 'hibernate.dialect' (remove the property setting and it will be selected by default)
2026-07-29T14:34:04.276+05:30  INFO 25580 --- [bookstore-backend] [           main] org.hibernate.orm.connections.pooling    : HHH10001005: Database info:
	Database JDBC URL [Connecting through datasource 'org.springframework.jdbc.datasource.embedded.EmbeddedDatabaseFactory$EmbeddedDataSourceProxy@9516b87']
	Database driver: undefined/unknown
	Database version: 2.3.232
	Autocommit mode: undefined/unknown
	Isolation level: undefined/unknown
	Minimum pool size: undefined/unknown
	Maximum pool size: undefined/unknown
2026-07-29T14:34:04.532+05:30  INFO 25580 --- [bookstore-backend] [           main] o.h.e.t.j.p.i.JtaPlatformInitiator       : HHH000489: No JTA platform available (set 'hibernate.transaction.jta.platform' to enable JTA platform integration)
2026-07-29T14:34:04.536+05:30  INFO 25580 --- [bookstore-backend] [           main] j.LocalContainerEntityManagerFactoryBean : Initialized JPA EntityManagerFactory for persistence unit 'default'
2026-07-29T14:34:04.679+05:30  INFO 25580 --- [bookstore-backend] [           main] c.b.repository.RoleRepositoryTest        : Started RoleRepositoryTest in 1.773 seconds (process running for 43.303)
Hibernate: select r1_0.id,r1_0.name from roles r1_0 where r1_0.name=?
Hibernate: select r1_0.id,r1_0.name from roles r1_0 where r1_0.name=?
Hibernate: select r1_0.id,r1_0.name from roles r1_0 where r1_0.name=?
]]></system-out>
  </testcase>
</testsuite>